Optimized coordinates:
16

C             1.4987832937000           0.0477677920000          -0.1108485520000
C             0.6661107913000           1.3061448460000          -0.0567598888000
H             2.3870182524000           0.1635446012000           0.5259304210000
H             1.8880665449000          -0.0902610368000          -1.1325236945000
H             1.1996472568000           2.2546809180000          -0.1120633768000
C            -0.6661233212000           1.3061392970000           0.0567663157000
C            -1.4987869708000           0.0477543101000           0.1108331790000
H            -1.1996666815000           2.2546704885000           0.1120852819000
H            -2.3870042467000           0.1635227664000          -0.5259718363000
H            -1.8880963351000          -0.0902746485000           1.1324980883000
C             0.6980128635000          -1.1922454246000           0.3189232265000
C            -0.6979979554000          -1.1922574314000          -0.3189127671000
H             0.5923661622000          -1.1917685658000           1.4128545421000
H             1.2443969290000          -2.1060613109000           0.0549370277000
H            -0.5923482458000          -1.1917984421000          -1.4128437766000
H            -1.2443718430000          -2.1060751056000          -0.0549117558000

Number of optimization steps: 15
Mode     Frequencies     Reduced masses     Force Constants
           (cm^-1)            (AMU)           (mDyne/A)
0        166.7965          1.7620          0.0289
1        277.7756          1.8311          0.0832
2        398.2171          1.9453          0.1818
3        457.1160          2.2995          0.2831
4        501.8071          4.3785          0.6496
5        656.9053          1.3329          0.3389
6        733.8259          1.6214          0.5144
7        828.4328          2.5656          1.0374
8        835.4195          1.6578          0.6817
9        889.1089          2.4299          1.1317
10        916.8587          2.4491          1.2130
11        943.5874          1.3973          0.7330
12       1001.4668          1.1885          0.7023
13       1023.0330          3.0238          1.8646
14       1055.5419          1.6224          1.0650
15       1079.9375          1.9801          1.3606
16       1107.4014          1.8289          1.3214
17       1171.0388          1.0844          0.8761
18       1173.0080          1.1705          0.9489
19       1260.3362          1.1979          1.1211
20       1282.2101          1.2817          1.2415
21       1305.6633          1.1710          1.1762
22       1367.8106          1.3090          1.4429
23       1390.4376          1.7523          1.9961
24       1392.3711          1.3820          1.5786
25       1404.3084          1.5439          1.7939
26       1437.8201          1.5116          1.8412
27       1504.0507          1.0919          1.4554
28       1511.2586          1.0821          1.4561
29       1519.8674          1.0917          1.4858
30       1530.8596          1.1011          1.5204
31       1737.3574          6.1435         10.9256
32       3003.2066          1.0699          5.6852
33       3003.2620          1.0698          5.6853
34       3029.1389          1.0700          5.7846
35       3032.5989          1.0669          5.7811
36       3048.4082          1.0888          5.9612
37       3048.6059          1.0839          5.9352
38       3076.9537          1.0967          6.1174
39       3081.4971          1.1055          6.1850
40       3145.0996          1.0840          6.3176
41       3168.5130          1.0965          6.4860
