Optimized coordinates:
16

C             1.1929619437000          -1.5349868814000           0.5875270127000
C             1.5247811568000          -0.8036701582000          -0.4849947835000
H             0.7848108354000          -1.0812259792000           1.4871486939000
H             1.3105065155000          -2.6147773848000           0.5949105216000
H             1.8788884318000          -1.3194993309000          -1.3781204232000
C             1.4359932054000           0.6604486100000          -0.5908205932000
C             1.5688233742000           1.5294728369000           0.4204267112000
H             1.2709949895000           1.0513148387000          -1.5952578152000
H             1.4765086949000           2.6001887682000           0.2629031023000
H             1.7894591957000           1.2014129256000           1.4331551182000
C            -2.7199704350000          -0.5854842663000          -0.1553477173000
C            -2.6367455336000           0.7174209505000           0.1055939038000
H            -3.6773084512000          -1.0959940282000          -0.2346054183000
H            -1.8303589774000          -1.1940013398000          -0.2987061919000
H            -1.6762530918000           1.2212368875000           0.1828536958000
H            -3.5223104120000           1.3321380940000           0.2514115152000

Number of optimization steps: 26
Mode     Frequencies     Reduced masses     Force Constants
           (cm^-1)            (AMU)           (mDyne/A)
0         17.4318          2.1504          0.0004
1         28.0214          3.2335          0.0015
2         34.0192          2.5484          0.0017
3         52.9152          4.6886          0.0077
4         59.5635          2.0879          0.0044
5        121.6439          1.0636          0.0093
6        157.6885          1.5248          0.0223
7        275.5580          2.5165          0.1126
8        480.8036          1.3444          0.1831
9        614.0100          1.7443          0.3875
10        758.4356          1.6644          0.5641
11        840.8765          1.0422          0.4342
12        891.5892          2.0779          0.9732
13        935.5096          1.3914          0.7174
14        936.9952          1.3614          0.7042
15        962.8590          1.5096          0.8246
16        982.4755          1.1593          0.6593
17       1026.0074          1.1118          0.6896
18       1037.0424          1.0858          0.6880
19       1076.1654          1.4595          0.9959
20       1078.2590          1.0120          0.6932
21       1115.1475          1.5879          1.1634
22       1252.8227          1.5167          1.4026
23       1324.0238          1.2804          1.3224
24       1358.7336          1.2932          1.4067
25       1396.2157          1.2274          1.4097
26       1458.3174          1.1613          1.4552
27       1485.8070          1.2745          1.6578
28       1492.1093          1.1119          1.4586
29       1693.0226          4.6908          7.9217
30       1717.2224          3.6487          6.3392
31       1717.8389          3.1244          5.4322
32       3143.1016          1.0843          6.3112
33       3149.7259          1.0479          6.1249
34       3155.6501          1.0782          6.3260
35       3164.7446          1.0734          6.3344
36       3165.4932          1.0627          6.2737
37       3169.7072          1.0705          6.3368
38       3222.9709          1.1149          6.8232
39       3245.9018          1.1164          6.9300
40       3247.9006          1.1171          6.9433
41       3248.6176          1.1172          6.9464
