model loaded from ../da_energy_iteration37.npz
Optimized coordinates:
16

C            -1.5004156690042           0.0472338909484           0.1150078393905
C            -0.6687232375474           1.3098158112100           0.0425124406324
H            -2.3960757819439           0.1566038407778          -0.5102999636537
H            -1.8673492225516          -0.0847925772450           1.1470378225410
H            -1.2032653124930           2.2571134839270           0.0760939821156
C             0.6687167945106           1.3098188178616          -0.0425125068986
C             1.5004153700006           0.0472409260451          -0.1150074881322
H             1.2032544296118           2.2571190231440          -0.0760945112859
H             2.3960747851428           0.1566153235137           0.5103005684853
H             1.8673502098370          -0.0847837300000          -1.1470371528524
C            -0.7003597214997          -1.1951980034344          -0.3140204758320
C             0.7003656040097          -1.1951951136649           0.3140202082747
H            -0.6055548861279          -1.1976294875830          -1.4080803118798
H            -1.2436142934728          -2.1024607565996          -0.0357427376316
H             0.6055609707626          -1.1976276286946           1.4080802589954
H             1.2436242584162          -2.1024554650375           0.0357419405585

Number of optimization steps: 3
Mode     Frequencies     Reduced masses     Force Constants
           (cm^-1)            (AMU)           (mDyne/A)
0        202.1844          1.7882          0.0431
1        254.4546          1.7872          0.0682
2        389.6274          1.8825          0.1684
3        451.4972          2.5626          0.3078
4        476.9230          4.2686          0.5721
5        655.4503          1.3823          0.3499
6        753.4475          1.6016          0.5357
7        823.7877          2.7516          1.1002
8        858.4421          1.5127          0.6568
9        899.4526          2.3644          1.1270
10        919.8237          1.7189          0.8568
11        939.9701          1.6476          0.8577
12        961.5736          1.3439          0.7321
13       1020.5086          2.6413          1.6207
14       1074.5708          1.6415          1.1167
15       1098.3503          1.8115          1.2876
16       1143.1493          1.4790          1.1387
17       1157.1175          1.0430          0.8228
18       1186.4092          1.1512          0.9547
19       1250.0498          1.4271          1.3139
20       1324.7240          1.2017          1.2425
21       1334.9307          1.5540          1.6316
22       1390.5873          1.2937          1.4739
23       1405.0976          1.3194          1.5347
24       1448.7674          1.7774          2.1980
25       1466.7830          1.4096          1.7868
26       1472.3514          1.5192          1.9404
27       1517.6515          1.1083          1.5040
28       1518.1578          1.1066          1.5027
29       1604.3700          1.1115          1.6856
30       1631.2902          1.0992          1.7234
31       1715.9110          5.9030         10.2403
32       3080.2976          1.0747          6.0078
33       3082.0223          1.0771          6.0281
34       3124.9151          1.0760          6.1905
35       3177.0455          1.0830          6.4406
36       3200.6702          1.0845          6.5460
37       3205.0787          1.0914          6.6056
38       3211.5878          1.0816          6.5729
39       3228.0376          1.0860          6.6674
40       3299.5205          1.0918          7.0029
41       3322.3053          1.0842          7.0506
