model loaded from ../AL_main_model_C60_butadiene.npz
Optimized coordinates:
76

C             1.9709991244812          -2.3041531050740          -2.3659887963967
C             0.5555174084348          -2.3054552700205          -2.6744257443497
C            -0.0390220022507          -1.1778168671089          -3.2381255517200
C             0.7648052362443          -0.0059266704643          -3.5259869092266
C             2.1266264420369          -0.0059111192272          -3.2322294862986
C             2.7421573406129          -1.1775429633917          -2.6400950589902
C             2.1603435236668          -3.0276836154979          -1.1235776417922
C             0.8601371655684          -3.4745611144944          -0.6635368905960
C            -0.1296934465985          -3.0254733833020          -1.6240127214912
C            -1.3711328912121          -2.5784085535201          -1.1785189463746
C            -1.3373076096419          -0.7341078274040          -2.7788619484687
C            -0.0382339909481           1.1674676803517          -3.2420165807292
C             0.5570942406447           2.2965639626075          -2.6820839435373
C             1.9725811456684           2.2953072100251          -2.3736521251551
C             2.7429616671548           1.1672586918571          -2.6439994060213
C             3.7350268263395           0.7208092565998          -1.6857512073821
C             3.7345261448276          -0.7285900782670          -1.6833339992345
C             3.9162442968218          -1.4230759182064          -0.4893261489116
C             3.1131502391253          -2.5956220728435          -0.2036397354313
C             0.5641524672182          -3.4718969219601           0.6972464278496
C             1.5556416942427          -3.0228909544354           1.6552109175831
C             2.8047882909524          -2.5931493976652           1.2132493869442
C             3.4170063329839          -1.4190194429408           1.8032136330482
C             4.1045768697606          -0.6963547352122           0.7510651083488
C             4.1050641591572           0.6964298943737           0.7487410629081
C             3.9172338250231           1.4191435999723          -0.4940670531461
C             3.1149598537639           2.5931962856019          -0.2122957211286
C             2.1624450344637           3.0228495762997          -1.1336674008473
C            -1.3368431812919           0.7262220100338          -2.7813095918191
C            -0.7321362783279           3.0247950236162           1.1476546646362
C            -1.6773538315583           2.5799264369868           0.2264742415124
C            -2.4809971519910           1.4173017596534           0.5053416940721
C            -2.3101726561794           0.7337892294663           1.6948610106013
C            -1.3219304859766           1.1777631323567           2.6541845975709
C             0.8690778090539           2.3043607044736           2.6965308401654
C             1.5577785144525           3.0277634867475           1.6451296960344
C             0.5665997424322           3.4742688984432           0.6856754141716
C             0.8625557853438           3.4721768365229          -0.6751181252218
C            -0.1276092810981           3.0205838607760          -1.6340873922742
C            -1.3693793719540           2.5759009078982          -1.1871268202747
C            -2.4820888373126          -1.4134360344395           0.5100343065849
C            -2.3107571569896          -0.7260432579476           1.6972682550056
C            -1.3227986144481          -1.1675004304948           2.6580584886697
C            -0.7115981664134           0.0058993459682           3.2504912169121
C             0.6497749343591           0.0059130501519           3.5495824841374
C             1.4558086414692           1.1774420205659           3.2664625468697
C             2.8066127684501           2.5956659996003           1.2045967119023
C             3.4180048287805           1.4230787915847           1.7984745538035
C             2.7563004560684           0.7285918492151           2.8088860706949
C             2.7557890875862          -0.7207065496522           2.8113021172244
C             1.4549827224349          -1.1671155197755           3.2703687797661
C             0.8674439534916          -2.2954997975256           2.7041849050561
C            -0.5482063072094          -2.2965589801336           2.3959287269250
C            -0.7342800106906          -3.0199646603131           1.1577149228995
C            -1.6791919042847          -2.5775108384523           0.2350639682887
C            -1.9897962336735           1.4147317553062          -1.7738143317104
C            -1.9907153969271          -1.4188060400859          -1.7690955799685
C            -0.5465711137188           2.3054017395726           2.3882857486302
C            -2.7961991269413           0.7243937580828          -0.7548854047897
C            -2.7967570751748          -0.7245640516835          -0.7525876764837
C            -5.5973626425663          -0.7120023309175          -0.2135977510111
C            -5.5970634809234           0.7120478356348          -0.2138286686109
C            -6.0958213489250          -1.4821815512333           0.9878434440894
H            -6.1605457635230          -2.5506726719976           0.7653187954730
H            -5.4100278259380          -1.3628668803411           1.8369542250462
H            -7.0861245789990          -1.1471682011169           1.3114696629145
C            -6.0946302364973           1.4826911625450           0.9876732379675
H            -7.0852036029071           1.1486129653500           1.3114650579615
H            -5.4088647067948           1.3627881578050           1.8367173878696
H            -6.1584248975457           2.5512427865211           0.7651572850562
C            -4.8795557102950           1.3990791550101          -1.1842691519307
H            -4.7344151935838           0.9963311574784          -2.1763226456779
H            -4.7935555051677           2.4804495786610          -1.1214116136600
C            -4.8794572991847          -1.3994308475910          -1.1834544952966
H            -4.7936775259081          -2.4808111457252          -1.1203537307959
H            -4.7337947911070          -0.9970297863521          -2.1755814697044

Number of optimization steps: 43
Mode     Frequencies     Reduced masses     Force Constants
           (cm^-1)            (AMU)           (mDyne/A)
0       -306.5795          7.1461          0.3957
1         10.4114          3.5833          0.0002
2         65.1244          5.6372          0.0141
3        109.9192          4.3417          0.0309
4        144.2913          3.4412          0.0422
5        154.0407          3.7872          0.0529
6        189.4865          1.0346          0.0219
7        226.3127          4.2001          0.1267
8        238.9468          6.7534          0.2272
9        252.3545         11.3030          0.4241
10        253.1689         11.9545          0.4514
11        261.2183         11.3386          0.4558
12        263.6459          8.6091          0.3526
13        293.2216          1.0940          0.0554
14        327.8388          7.9795          0.5053
15        344.1657          2.7576          0.1924
16        346.7955         11.8252          0.8379
17        356.0209         11.8196          0.8827
18        357.2591         11.8535          0.8914
19        359.2861         11.7661          0.8949
20        362.8607         11.9366          0.9260
21        363.2805         11.5255          0.8962
22        363.5344         11.6575          0.9077
23        364.1557         11.5407          0.9017
24        364.4483         11.9357          0.9340
25        371.4851         11.9405          0.9709
26        376.2871         11.4860          0.9582
27        418.9173          8.2150          0.8494
28        439.7910         11.1654          1.2724
29        444.3750         11.6896          1.3600
30        445.8480         11.7994          1.3819
31        447.3708          9.1670          1.0810
32        450.4744          2.4139          0.2886
33        455.6483          8.9003          1.0887
34        463.9179          2.5418          0.3223
35        475.4122          5.8009          0.7725
36        477.9784          6.9541          0.9361
37        478.6794         11.9501          1.6133
38        480.9816          4.1275          0.5626
39        482.9096          6.2088          0.8531
40        510.1571          8.0792          1.2389
41        522.2140         10.8072          1.7364
42        523.0907         10.8226          1.7448
43        525.3556         11.9794          1.9480
44        525.7055         11.8703          1.9328
45        529.6570         11.6930          1.9327
46        532.1764         11.9370          1.9918
47        533.8194         11.9773          2.0109
48        536.5716         10.6996          1.8150
49        552.3579         11.8397          2.1283
50        553.8784         11.4604          2.0715
51        553.9204         11.8579          2.1436
52        557.5951         11.8933          2.1787
53        558.7026         11.3475          2.0870
54        560.5627         11.8893          2.2012
55        564.0961         11.6347          2.1813
56        567.5764          9.9629          1.8910
57        569.9465         11.8071          2.2598
58        570.0050         11.9277          2.2833
59        587.3991         10.3493          2.1039
60        605.5374         10.7098          2.3137
61        606.4027         11.7955          2.5556
62        658.0404          3.4566          0.8819
63        673.6832          8.8900          2.3772
64        677.2223          9.2529          2.5003
65        680.2017          9.2242          2.5145
66        680.3709         11.6966          3.1901
67        683.6968         11.9568          3.2930
68        700.2419          8.6524          2.4997
69        704.2055          2.7698          0.8093
70        715.1297          9.1351          2.7525
71        717.7849         11.9082          3.6148
72        718.7841         11.9136          3.6265
73        720.6728          4.4721          1.3685
74        728.7743         10.9135          3.4151
75        730.6458         11.0901          3.4882
76        732.8567         11.8046          3.7354
77        736.2847         10.9658          3.5025
78        737.9322         10.0089          3.2112
79        739.8406         10.8489          3.4987
80        740.4897         11.4237          3.6906
81        743.3534          6.5475          2.1317
82        750.5873          2.8715          0.9531
83        756.6576          9.2817          3.1309
84        761.2924         11.7011          3.9956
85        762.4921          7.6763          2.6295
86        763.8797         10.5399          3.6236
87        764.8123         10.9184          3.7629
88        767.1668         11.9595          4.1471
89        767.5103          8.9889          3.1198
90        767.8447         10.9828          3.8152
91        770.1658          9.4105          3.2888
92        772.7740         11.0933          3.9031
93        773.1113         10.5360          3.7103
94        773.8756         11.1602          3.9379
95        777.8007          7.4515          2.6560
96        778.1442         11.3068          4.0338
97        778.4952          5.0558          1.8053
98        779.3718          3.5822          1.2820
99        779.4371          7.4329          2.6606
100        785.5397         11.0047          4.0010
101        789.3367         11.0719          4.0644
102        790.3164          4.2165          1.5517
103        795.2990          5.0587          1.8852
104        818.8859          8.9562          3.5385
105        820.0722         11.3386          4.4928
106        820.9502         11.9967          4.7637
107        837.1666         10.4552          4.3172
108        843.1074         11.5309          4.8292
109        843.5754          9.9479          4.1709
110        920.7107          1.9765          0.9872
111        946.7659          3.6280          1.9160
112        966.7080         10.4835          5.7723
113        967.0370          4.9603          2.7330
114        972.3872          3.6423          2.0291
115        978.1577          1.4943          0.8424
116        980.0409         11.4634          6.4871
117        984.8024          2.4836          1.4192
118        990.0161          6.8876          3.9774
119        993.4244         11.7782          6.8486
120        997.2418         10.6452          6.2374
121       1012.1971          1.3894          0.8387
122       1012.5788          1.9423          1.1733
123       1031.4766          1.3137          0.8235
124       1074.2318          1.3392          0.9106
125       1090.6617          1.5307          1.0728
126       1111.4544         10.9794          7.9912
127       1119.0950          8.0970          5.9746
128       1120.2658         11.7216          8.6672
129       1125.3917         11.3405          8.4623
130       1127.1891         11.9948          8.9792
131       1128.8791         11.7016          8.7860
132       1129.0204         11.9351          8.9635
133       1130.3992         11.9187          8.9731
134       1133.5987         11.9624          9.0571
135       1198.7487         11.7561          9.9533
136       1201.6365         11.4882          9.7734
137       1216.5320          6.4015          5.5818
138       1217.3993         11.9607         10.4442
139       1218.4546          7.6331          6.6768
140       1219.4421         11.8370         10.3708
141       1224.3036         11.8089         10.4289
142       1224.4355          2.8631          2.5291
143       1232.8933         10.9283          9.7871
144       1243.9089         11.9473         10.8917
145       1244.7398         11.9455         10.9046
146       1246.4436         11.9914         10.9765
147       1262.5156         11.9856         11.2560
148       1263.8828         11.8868         11.1874
149       1265.4491         11.9062         11.2334
150       1266.9387         11.9441         11.2957
151       1274.5521         11.4184         10.9287
152       1300.4551         11.9002         11.8576
153       1302.0229         11.9662         11.9521
154       1308.9657         11.9098         12.0230
155       1314.2407          8.3811          8.5291
156       1316.5774         11.9737         12.2285
157       1316.8584         11.9944         12.2548
158       1318.6195         11.9963         12.2896
159       1323.2495          3.7754          3.8949
160       1327.6188         11.9814         12.4424
161       1331.6018         11.3176         11.8237
162       1338.4250         11.9639         12.6273
163       1339.7806         11.9048         12.5904
164       1360.1214         11.9826         13.0604
165       1360.2964         11.9861         13.0676
166       1365.3530         11.8997         13.0700
167       1365.4962         11.9176         13.0925
168       1370.7262         11.9906         13.2737
169       1373.9483         11.9838         13.3286
170       1375.2206         11.9751         13.3436
171       1377.1759         11.7581         13.1391
172       1398.5636         11.7396         13.5290
173       1402.9352          1.4776          1.7135
174       1447.1810         10.6193         13.1037
175       1447.3156         11.8909         14.6755
176       1448.8258          1.2747          1.5764
177       1450.0650         11.5518         14.3111
178       1454.5126         11.9750         14.9266
179       1454.9958          8.3084         10.3631
180       1456.7527          1.2799          1.6003
181       1461.3022         11.5383         14.5169
182       1466.2301         11.8826         15.0511
183       1471.3583         11.6814         14.8998
184       1472.6112          9.0647         11.5819
185       1473.0988         11.9567         15.2872
186       1474.1790          3.6685          4.6972
187       1481.2560         11.2291         14.5163
188       1486.3770         11.9828         15.5980
189       1495.6485          1.0571          1.3933
190       1508.9174          1.0691          1.4342
191       1513.2177          1.0892          1.4695
192       1532.0729         10.6938         14.7891
193       1532.2319          1.1181          1.5466
194       1550.6724         11.9669         16.9540
195       1552.7524         10.3256         14.6680
196       1556.2023         10.7148         15.2886
197       1560.9923          1.6683          2.3951
198       1565.4072          5.1630          7.4543
199       1577.3150          3.9335          5.7659
200       1582.7451          7.2311         10.6728
201       1584.0089         11.8239         17.4794
202       1587.2022         11.9594         17.7511
203       1588.2911         11.9778         17.8028
204       1588.8105         11.9895         17.8319
205       1589.5121          8.0412         11.9701
206       1591.9756         11.9751         17.8814
207       1595.1247         11.1239         16.6762
208       1601.9522         11.9447         18.0603
209       1606.9298         11.9808         18.2277
210       1609.4001         11.1618         17.0339
211       1611.4133         11.3136         17.3088
212       2896.5261          1.0559          5.2196
213       2917.1599          1.0519          5.2739
214       3012.0604          1.0923          5.8389
215       3016.4622          1.0918          5.8533
216       3101.6247          1.0929          6.1946
217       3104.0806          1.0946          6.2143
218       3135.6972          1.0541          6.1066
219       3137.4687          1.0601          6.1484
220       3207.3707          1.1111          6.7343
221       3216.9669          1.1123          6.7822
