model loaded from ../ADL_main_model_C60_butadiene.npz
Optimized coordinates:
76

C             1.9857665342933          -2.2999626588077          -2.3651626390500
C             0.5699495603581          -2.3051071537356          -2.6740967003433
C            -0.0262958915893          -1.1782684964148          -3.2381699568594
C             0.7736895298579          -0.0038638355935          -3.5209123364479
C             2.1350468620629           0.0005197086293          -3.2283149775056
C             2.7530577675759          -1.1701858013155          -2.6364722814703
C             2.1758260817632          -3.0233972023427          -1.1223618564199
C             0.8763182222695          -3.4739629244290          -0.6645334949185
C            -0.1146565375138          -3.0264762914834          -1.6244991096366
C            -1.3631836825137          -2.5905971541542          -1.1852988012861
C            -1.3293803436020          -0.7388270767317          -2.7873485628751
C            -0.0328572071693           1.1664696974845          -3.2407732987776
C             0.5566446811334           2.2980368922727          -2.6790263587149
C             1.9724580748456           2.3021260420646          -2.3702887184480
C             2.7462453177280           1.1762056304712          -2.6391362873495
C             3.7380013623756           0.7322603690487          -1.6801674498519
C             3.7422064424953          -0.7182840761930          -1.6785424796390
C             3.9245521666998          -1.4125823930673          -0.4852686459833
C             3.1254557586557          -2.5885079805757          -0.2014987369118
C             0.5789741241836          -3.4739830318062           0.6952099805031
C             1.5673579346609          -3.0224930126669           1.6546795264016
C             2.8149467462288          -2.5878705541209           1.2152276389033
C             3.4220001538722          -1.4114611606478           1.8063704424389
C             4.1082896565971          -0.6854436288894           0.7556503641302
C             4.1041832325163           0.7070149619536           0.7541049674285
C             3.9162358001530           1.4302905081704          -0.4884390132361
C             3.1102569248757           2.6021600893864          -0.2072416019915
C             2.1582331391739           3.0295136057971          -1.1290914295235
C            -1.3331140745788           0.7204217403309          -2.7888759299245
C            -0.7404418883906           3.0190317477455           1.1448655975188
C            -1.6859425525460           2.5746071547472           0.2237515511245
C            -2.4883688440817           1.4082430519621           0.5039552436442
C            -2.3193457990156           0.7230229801202           1.6963902213734
C            -1.3264317864648           1.1690225259549           2.6502088619771
C             0.8603092220309           2.3040597488803           2.6975168055150
C             1.5491822821224           3.0307563277823           1.6477953481205
C             0.5581430344102           3.4742234178649           0.6873927296750
C             0.8560324200520           3.4733106768753          -0.6721772647454
C            -0.1321357054793           3.0175507033917          -1.6308566069109
C            -1.3773362369603           2.5742457678234          -1.1896670170438
C            -2.4760255878681          -1.4248943720714           0.5071061309059
C            -2.3149785519676          -0.7369021160680           1.6985209460010
C            -1.3193149299927          -1.1756207110490           2.6536523053155
C            -0.7105872826620          -0.0007415544410           3.2436471159982
C             0.6485568240023           0.0036039640827           3.5472544368205
C             1.4504429123690           1.1787849917081           3.2667211974734
C             2.7995146170023           2.6027564351962           1.2094424880267
C             3.4135326082591           1.4312950725013           1.8031663072358
C             2.7524941109285           0.7342933228720           2.8114115867344
C             2.7568625713020          -0.7161634375068           2.8130935918212
C             1.4575270071730          -1.1674369564583           3.2695759572690
C             0.8742564414525          -2.2976206073107           2.7029867840942
C            -0.5408431934872          -2.3027258096988           2.3909569493277
C            -0.7219426620839          -3.0257257353422           1.1518856229963
C            -1.6695092709776          -2.5886348797294           0.2289661881044
C            -1.9901656586298           1.4067964937696          -1.7790771901636
C            -1.9836127477296          -1.4274470018637          -1.7768805480396
C            -0.5548070371194           2.2999963381595           2.3852150838452
C            -2.7834650198407           0.7093656621403          -0.7569191001374
C            -2.7787687466736          -0.7318114781740          -0.7540105153925
C            -5.6050813782737          -0.7200422669704          -0.1941258774599
C            -5.5941682713759           0.7106281868099          -0.2069768657911
C            -6.1474597445330          -1.4766877868100           0.9975119462720
H            -6.9844355779401          -2.1212249134549           0.6942517112573
H            -5.3719796059688          -2.1193109200720           1.4355649805568
H            -6.5147662371289          -0.7870766215476           1.7655395470367
C            -6.1083352937785           1.5176376615718           0.9676298887734
H            -7.1969871006912           1.4228840834932           1.0770915575586
H            -5.6525188632202           1.2214829978213           1.9185861271281
H            -5.8895240251095           2.5773992178396           0.8235273652616
C            -4.9007634013842           1.3760786299885          -1.2025306741775
H            -4.7351565020812           0.9409272202300          -2.1793175647650
H            -4.8051984542225           2.4585155665106          -1.1755136762176
C            -4.9097500546554          -1.4148144612084          -1.1663756619237
H            -4.8338937357769          -2.4980476987757          -1.1049810217523
H            -4.7364243531068          -1.0102679313297          -2.1552239269833

Number of optimization steps: 20
Mode     Frequencies     Reduced masses     Force Constants
           (cm^-1)            (AMU)           (mDyne/A)
0       -311.2683          7.7986          0.4452
1         35.3192          3.4980          0.0026
2         49.8222          4.3852          0.0064
3         73.9052          2.8421          0.0091
4        110.9721          5.4413          0.0395
5        126.9873          4.3258          0.0411
6        147.8915          1.0731          0.0138
7        199.4783          3.9304          0.0921
8        238.8205          7.4287          0.2496
9        257.5686         11.2514          0.4398
10        258.5548         11.8743          0.4677
11        261.6377          9.6391          0.3888
12        262.8006         10.0450          0.4087
13        272.6754          1.1062          0.0485
14        315.8795          3.8949          0.2290
15        317.9827          3.6592          0.2180
16        342.0694         11.9830          0.8261
17        343.6379         11.3847          0.7921
18        344.4499         11.7352          0.8203
19        350.9269         11.9233          0.8651
20        353.1067         11.9422          0.8773
21        357.9684         11.8495          0.8946
22        400.1002          6.8156          0.6428
23        404.1646         11.8948          1.1448
24        405.9824         11.4424          1.1112
25        406.7587         11.9439          1.1643
26        409.1889         10.8461          1.0700
27        410.4983         11.7761          1.1692
28        433.9583          9.4316          1.0465
29        435.5621         11.3699          1.2709
30        436.9975         10.3916          1.1692
31        438.3524         10.9662          1.2415
32        438.8833          5.5964          0.6351
33        451.3720          3.0507          0.3662
34        472.4140          5.7165          0.7517
35        486.2220         11.6983          1.6295
36        488.7331         10.1717          1.4315
37        489.8828         11.2520          1.5910
38        490.5194         11.6857          1.6566
39        501.0097          3.4220          0.5061
40        515.1437          3.8727          0.6055
41        523.3611         11.6341          1.8775
42        525.1490          7.8490          1.2753
43        529.1361         11.8086          1.9480
44        537.3221          7.6938          1.3088
45        543.0784         11.9299          2.0731
46        543.8575         11.9279          2.0787
47        544.3888         10.8709          1.8982
48        549.0834         11.8674          2.1081
49        565.8488         11.1990          2.1127
50        569.3510         11.9472          2.2818
51        572.6935         10.9150          2.1092
52        574.0716         11.2401          2.1825
53        578.6911         11.9736          2.3625
54        579.1874         11.9759          2.3670
55        579.3916         11.9628          2.3661
56        582.0685         11.9384          2.3831
57        583.8103         11.9363          2.3970
58        584.0624         11.9571          2.4032
59        585.0351         11.6431          2.3479
60        587.0810         11.8152          2.3993
61        587.5658         10.9407          2.2254
62        622.9284          3.5261          0.8062
63        688.9481         11.5386          3.2268
64        689.1002         11.5352          3.2273
65        690.0425         11.8628          3.3280
66        690.3614         11.7753          3.3065
67        692.3313         11.9627          3.3784
68        692.6865         11.6119          3.2827
69        692.9347         11.5769          3.2751
70        696.7604         11.9967          3.4315
71        702.0738         10.9227          3.1721
72        702.8709         11.4763          3.3404
73        704.1261         11.8450          3.4601
74        705.0960         11.9888          3.5117
75        706.8808         11.9775          3.5262
76        720.2059         11.2721          3.4448
77        721.8215         11.9767          3.6766
78        723.3368         11.9452          3.6823
79        725.9804         11.9206          3.7017
80        727.3346         10.7688          3.3565
81        727.9534         11.6668          3.6426
82        729.0021         11.8546          3.7119
83        730.2065         11.9951          3.7683
84        732.5879         10.8980          3.4460
85        734.7552         11.9981          3.8163
86        734.9288         11.9875          3.8148
87        735.7959         11.9944          3.8260
88        739.7083         11.3348          3.6541
89        750.8291         11.8369          3.9316
90        754.1658         11.8992          3.9875
91        769.1890          7.4968          2.6133
92        772.0676          9.6311          3.3825
93        773.2461         11.6515          4.1046
94        774.2261         10.0376          3.5450
95        775.1104          8.8392          3.1289
96        778.6841          4.4383          1.5856
97        783.6647          4.3168          1.5620
98        785.3784          9.3820          3.4096
99        787.1784         10.8229          3.9513
100        788.1177          8.7140          3.1890
101        789.1720          9.3980          3.4485
102        810.1383          3.3984          1.3142
103        814.0146         11.9968          4.6836
104        814.6116         11.6584          4.5582
105        824.6330          2.0704          0.8295
106        844.2078          2.7161          1.1405
107        848.7825         11.2834          4.7894
108        849.4044         10.3509          4.4001
109        855.6611          1.8795          0.8108
110        939.1196          1.7094          0.8883
111        959.7749          2.6170          1.4203
112        966.3327         10.5940          5.8286
113        972.5481          1.4843          0.8272
114        983.9064         10.3514          5.9041
115        986.4335          1.4368          0.8237
116        992.5922         11.5515          6.7055
117        993.4786         10.4121          6.0549
118        993.4975          9.7541          5.6725
119        996.0480         11.7239          6.8530
120        997.6883         10.4729          6.1419
121       1014.8656          1.8090          1.0978
122       1030.2483          1.4738          0.9217
123       1067.8947          1.2651          0.8500
124       1085.8032          1.4120          0.9808
125       1099.8319          1.4796          1.0545
126       1124.8662         11.7684          8.7734
127       1132.1988          8.4524          6.3838
128       1132.8553         11.8198          8.9374
129       1133.9353         11.9807          9.0763
130       1137.3436         11.4019          8.6898
131       1138.4674         11.9627          9.1352
132       1141.2664         11.6973          8.9766
133       1144.6233         11.9423          9.2186
134       1145.6639         11.9711          9.2576
135       1222.8818         11.8536         10.4440
136       1227.1729         11.4432         10.1534
137       1233.2490         11.9848         10.7395
138       1234.9067         11.9140         10.7048
139       1236.6478         11.9819         10.7962
140       1236.9880         11.3815         10.2608
141       1237.1853         11.9608         10.7865
142       1243.1205         11.0315         10.0441
143       1247.0862          2.3877          2.1879
144       1254.1911         11.9940         11.1158
145       1254.3825         11.9901         11.1156
146       1255.8161         11.9848         11.1361
147       1283.1817         11.9491         11.5921
148       1283.6296         11.9706         11.6210
149       1287.1589         11.9362         11.6515
150       1290.5635         11.9517         11.7284
151       1294.9850         11.6907         11.5510
152       1315.8764         11.9841         12.2261
153       1316.3802         11.9257         12.1758
154       1319.1004         11.9791         12.2809
155       1340.7274         11.9701         12.6773
156       1341.7826         11.8640         12.5847
157       1347.5566         11.9832         12.8209
158       1349.4815         11.9995         12.8750
159       1349.9887         11.9981         12.8831
160       1351.1574         11.9935         12.9005
161       1353.4594         11.7013         12.6292
162       1355.4500         11.9701         12.9573
163       1370.2599          3.2784          3.6268
164       1373.3485         11.9921         13.3262
165       1375.7168         11.9775         13.3559
166       1376.1873         11.9211         13.3021
167       1380.6936         11.9845         13.4606
168       1382.2652         11.8411         13.3299
169       1385.3415         11.9961         13.5645
170       1386.7473         11.9960         13.5919
171       1390.6684         11.9060         13.5663
172       1414.4686          1.7749          2.0922
173       1423.2198          3.7296          4.4510
174       1457.2470          1.7739          2.2194
175       1464.0811          2.0261          2.5588
176       1466.7342          9.0565         11.4793
177       1471.9154          1.3429          1.7142
178       1472.2973         11.9611         15.2761
179       1472.7137          5.5869          7.1393
180       1474.4477         11.3365         14.5207
181       1475.4439         11.4952         14.7439
182       1476.9369         11.8428         15.2205
183       1480.5730         10.8446         14.0063
184       1480.7688         11.7512         15.1813
185       1482.7954         11.6940         15.1487
186       1483.5319          3.2049          4.1558
187       1484.6253          2.4251          3.1493
188       1485.4716         11.8434         15.3977
189       1493.9032          1.1516          1.5143
190       1514.8648         11.4293         15.4532
191       1538.6507          1.2116          1.6900
192       1541.2475          4.6712          6.5377
193       1552.2304         11.8705         16.8512
194       1553.3272         11.8587         16.8582
195       1558.2691         11.8862         17.0051
196       1566.6409          1.2104          1.7503
197       1573.6800          8.7667         12.7915
198       1584.0464         11.8839         17.5690
199       1586.4946         11.9885         17.7784
200       1605.1734         11.0881         16.8326
201       1614.1546         11.9762         18.3848
202       1614.4449         11.9761         18.3913
203       1616.1965         11.6259         17.8923
204       1617.0421         11.9846         18.4636
205       1619.8980         11.8132         18.2638
206       1622.7955         11.9828         18.5924
207       1623.4339         11.9855         18.6113
208       1625.3244         11.9862         18.6557
209       1626.9168          9.8242         15.3207
210       1640.9042          1.8722          2.9700
211       1658.9994          1.2110          1.9637
212       3055.7587          1.0527          5.7914
213       3086.1708          1.0534          5.9111
214       3108.4336          1.0989          6.2561
215       3119.2688          1.0903          6.2504
216       3132.7503          1.0780          6.2336
217       3158.6899          1.0960          6.4427
218       3214.8611          1.0565          6.4336
219       3247.5002          1.0669          6.6294
220       3259.0830          1.1048          6.9137
221       3269.6358          1.1112          6.9988
