model loaded from ../ADL_main_model_C60_butadiene.npz
Optimized coordinates:
76

C            -1.9348814432867           2.3025817897847          -2.3883952429248
C            -0.5137778025382           2.3018204177715          -2.6668363179886
C             0.0949099730646           1.1689968410234          -3.2079266598906
C            -0.7022725282064          -0.0018599101543          -3.5033497077518
C            -2.0702233352849          -0.0017846048145          -3.2456653796071
C            -2.6981537211074           1.1723026821598          -2.6700844117167
C            -2.1468265965184           3.0297587044677          -1.1509100418404
C            -0.8542830621043           3.4762094867667          -0.6703014950622
C             0.1514953753348           3.0180147372777          -1.6096159029542
C             1.3904282989826           2.5668502124944          -1.1484471841069
C             1.3891973096357           0.7345333838772          -2.7351660440952
C             0.0949929627603          -1.1723382122242          -3.2066764849445
C            -0.5135856687272          -2.3046437402835          -2.6643855608150
C            -1.9346875133752          -2.3052346698327          -2.3859478609847
C            -2.6980505378214          -1.1753171026924          -2.6688341154911
C            -3.7048105417844          -0.7268676555494          -1.7301095155006
C            -3.7048855802580           0.7247597560949          -1.7308901712680
C            -3.9078567641518           1.4217499470572          -0.5420479654674
C            -3.1132005934125           2.5973861408423          -0.2461419470205
C            -0.5803538706316           3.4770630252430           0.6934497538883
C            -1.5863541367033           3.0311357880467           1.6368262205328
C            -2.8271905367301           2.5980840974361           1.1763313134000
C            -3.4454196885607           1.4229288617423           1.7575957127229
C            -4.1143565800756           0.6965627396822           0.6961972939083
C            -4.1143583574130          -0.6961552208444           0.6969443192331
C            -3.9077537647682          -1.4226245289046          -0.5405390788986
C            -3.1129879140105          -2.5978736476927          -0.2433888624479
C            -2.1465715898084          -3.0311179586012          -1.1476966839569
C             1.3892233063784          -0.7372686153744          -2.7343711799657
C             0.7104764059443          -3.0187076107904           1.1747394583424
C             1.6737891152037          -2.5672847594921           0.2703400534141
C             2.4873370886127          -1.4244672575073           0.5637875211522
C             2.2902577948189          -0.7354008944126           1.7360275756891
C             1.2779784643634          -1.1694746953359           2.6726470511971
C            -0.9118630628772          -2.3022561599556           2.6992044923552
C            -1.5860915737792          -3.0294927034406           1.6400212167418
C            -0.5800430287295          -3.4763238110221           0.6971183845046
C            -0.8539835850618          -3.4769470721718          -0.6666231325372
C             0.1517578487126          -3.0196603512238          -1.6064142195778
C             1.3906697468459          -2.5679208164399          -1.1457316972497
C             2.4869946850032           1.4252182357361           0.5623007854128
C             2.2901378917504           0.7374219972335           1.7352777015160
C             1.2778552585940           1.1724211934134           2.6714437505958
C             0.6565036695286           0.0017489783160           3.2533273911864
C            -0.7051656414978           0.0018479600026           3.5427652110498
C            -1.5068604854655          -1.1720655860488           3.2541656688391
C            -2.8269806510071          -2.5970464577535           1.1790841215321
C            -3.4453341717290          -1.4213384586744           1.7591081085219
C            -2.7983177082299          -0.7244205944727           2.7769742933018
C            -2.7983284309159           0.7271390496595           2.7761837276089
C            -1.5069416054580           1.1753975312614           3.2529300137960
C            -0.9120615826427           2.3050665658599           2.6967805842754
C             0.5063604861743           2.3043040849288           2.4043860823185
C             0.7101859662214           3.0200411738683           1.1715641512055
C             1.6734769610426           2.5677000702283           0.2676312802113
C             2.0288680543428          -1.4262152355502          -1.7332317584623
C             2.0287623700839           1.4245905165108          -1.7347360423837
C             0.5065710874968          -2.3016902589004           2.4068001671109
C             3.0062507526039          -0.7964307873367          -0.7374630375503
C             3.0060550799458           0.7959019122748          -0.7381964267685
C             5.4557902105317           0.6710383155336          -0.0718860062779
C             5.4563395327416          -0.6708330202207          -0.0720473637842
C             6.3267233219056           1.5687296430504           0.7698905270010
H             6.8881932007242           2.2750188969343           0.1412927710551
H             5.7267861242701           2.1688132459762           1.4684899806615
H             7.0589045133311           1.0080293775848           1.3546665169966
C             6.3278954747050          -1.5680552847942           0.7696033329241
H             6.8894832769360          -2.2741472290140           0.1408908210555
H             7.0600014018331          -1.0069670351125           1.3541032985264
H             5.7284599634587          -2.1683739193314           1.4684412995797
C             4.4568188035631          -1.3152121033274          -1.0059349654451
H             4.7188109493937          -1.0883934288988          -2.0485164921181
H             4.4479679667558          -2.4035627138649          -0.9298730190955
C             4.4565341318718           1.3148278081565          -1.0064330819678
H             4.4473879456444           2.4032003107880          -0.9308508563419
H             4.7190620131044           1.0875593231654          -2.0487746330311

Number of optimization steps: 6
Mode     Frequencies     Reduced masses     Force Constants
           (cm^-1)            (AMU)           (mDyne/A)
0         68.3564          3.8298          0.0105
1         75.1562          3.3103          0.0110
2        108.9055          3.7739          0.0264
3        181.9375          3.4338          0.0670
4        198.2944          1.1234          0.0260
5        198.4057          2.9414          0.0682
6        232.7154          5.2646          0.1680
7        244.4603          1.1268          0.0397
8        246.0052         11.1582          0.3979
9        250.6236         11.2969          0.4181
10        260.8685          7.1217          0.2855
11        262.9681         11.7998          0.4808
12        310.4314          8.6788          0.4928
13        327.8519          6.0247          0.3815
14        335.1548         11.6040          0.7680
15        336.9187         10.2150          0.6832
16        342.7817         11.9660          0.8284
17        349.1095         11.6399          0.8358
18        361.0077         11.0855          0.8512
19        372.8112          2.5869          0.2118
20        378.1890          5.2163          0.4396
21        391.9012          5.9272          0.5364
22        397.0427         11.8059          1.0965
23        397.7887         11.2002          1.0442
24        407.5338         11.8022          1.1549
25        413.5974          6.2266          0.6276
26        416.1894          8.9953          0.9180
27        421.2677          3.3301          0.3482
28        432.2060         11.6958          1.2872
29        433.7328         11.3807          1.2614
30        438.5381          9.3369          1.0580
31        443.9913          6.5268          0.7581
32        455.0835          9.6604          1.1788
33        478.2836         11.6416          1.5690
34        484.1819         10.8212          1.4947
35        486.2190         11.0274          1.5360
36        491.4028         11.8990          1.6929
37        502.9719          8.3718          1.2478
38        509.3822          6.0632          0.9269
39        524.4718         11.9785          1.9413
40        527.9023         11.7157          1.9237
41        531.6401          9.8024          1.6324
42        538.9710         11.2888          1.9321
43        540.5770         11.5583          1.9900
44        541.9167          8.4465          1.4615
45        544.9235          9.3894          1.6427
46        549.9213          5.4605          0.9729
47        558.0628         11.7808          2.1617
48        559.4757          6.4098          1.1821
49        567.0931          9.3401          1.7697
50        567.6400         11.7142          2.2239
51        573.7277         11.7362          2.2761
52        580.0282          8.0375          1.5932
53        581.1897         11.7531          2.3390
54        581.4662         11.8845          2.3674
55        582.3574          8.9053          1.7794
56        584.6993         10.3410          2.0829
57        589.2401         11.8097          2.4159
58        592.5666          8.4761          1.7536
59        601.1216         10.2527          2.1828
60        635.8848          6.2382          1.4862
61        671.8961          9.8180          2.6114
62        678.9098         10.1457          2.7552
63        679.8658         11.7958          3.2124
64        688.1751         10.8497          3.0274
65        688.1965         10.0770          2.8119
66        691.4402         11.4351          3.2211
67        694.3824         11.6029          3.2962
68        697.5137         11.4966          3.2955
69        697.9245         11.8595          3.4035
70        699.8544         11.2041          3.2333
71        704.8375         11.9647          3.5021
72        704.9949         11.6267          3.4047
73        706.0701         11.7098          3.4395
74        716.1198         10.9709          3.3148
75        718.0313         11.4773          3.4864
76        719.7839         11.7635          3.5908
77        723.5660         11.8874          3.6668
78        725.2659         10.6745          3.3082
79        727.0461         11.8160          3.6800
80        728.0411         11.7396          3.6662
81        730.5402         11.9706          3.7641
82        731.0697         11.0658          3.4846
83        731.8323         10.7505          3.3924
84        734.1618         10.3838          3.2975
85        735.3033         11.9487          3.8063
86        738.6184         11.9826          3.8516
87        741.0206         11.9661          3.8714
88        747.5692          9.6435          3.1753
89        750.2595          9.8820          3.2773
90        752.3224         10.9411          3.6485
91        767.6641          7.9408          2.7571
92        770.6244          7.5438          2.6395
93        774.5047         11.7060          4.1372
94        776.7300          9.0269          3.2087
95        779.5379         11.2958          4.0443
96        785.8998         11.5228          4.1932
97        788.9826          9.4221          3.4557
98        795.9638         10.5652          3.9438
99        800.1992          4.9491          1.8671
100        810.7606          9.8124          3.8002
101        813.3879         11.8612          4.6235
102        819.2403         10.3198          4.0808
103        838.5070          8.9907          3.7244
104        843.3381          8.6354          3.6185
105        851.9866         10.5060          4.4932
106        898.3382          2.8715          1.3653
107        910.9685          2.6065          1.2744
108        948.3349          8.5251          4.5173
109        959.3694          3.4291          1.8595
110        969.4086          8.9538          4.9576
111        971.1936          3.7631          2.0913
112        990.3044          3.4680          2.0038
113        992.6250         11.9118          6.9151
114        999.4184         11.6146          6.8352
115       1000.5282          4.2604          2.5128
116       1002.9146          9.6499          5.7187
117       1037.0825          6.5158          4.1290
118       1058.8403          7.7406          5.1131
119       1068.4939          2.4170          1.6258
120       1069.4581          2.2025          1.4842
121       1078.7975          2.6716          1.8319
122       1089.8922          3.5284          2.4695
123       1113.5846          1.7844          1.3037
124       1115.0734          1.9819          1.4519
125       1124.5042          4.0897          3.0470
126       1136.9932         11.5765          8.8174
127       1137.5220         10.9392          8.3398
128       1138.8792         10.6654          8.1505
129       1146.8595         11.9232          9.2398
130       1150.4625         10.4773          8.1704
131       1153.7691          3.6639          2.8737
132       1171.1295          5.3558          4.3280
133       1185.7509          5.4124          4.4836
134       1188.1230          9.3633          7.7876
135       1199.9084          2.5081          2.1276
136       1217.5404          4.4724          3.9062
137       1229.8569         11.8326         10.5448
138       1238.0320         11.3237         10.2259
139       1242.9463          2.3940          2.1791
140       1243.2810         11.9683         10.8998
141       1243.8117         11.1844         10.1946
142       1253.6845          2.5082          2.3226
143       1255.5400         11.0644         10.2764
144       1256.9521         11.1567         10.3854
145       1259.6712          8.5404          7.9844
146       1266.3912          6.6860          6.3176
147       1273.7432         10.6058         10.1381
148       1275.6860          8.4331          8.0858
149       1289.4097         10.6939         10.4753
150       1293.9495          1.8446          1.8197
151       1297.6089         11.0295         10.9419
152       1313.5088         10.6389         10.8146
153       1313.6900         11.8037         12.0020
154       1320.6302         10.3556         10.6411
155       1320.6455         10.8627         11.1625
156       1332.8443         11.1700         11.6913
157       1347.8655         11.9286         12.7683
158       1348.6477         11.7427         12.5839
159       1349.6525         11.9960         12.8745
160       1353.2381          9.3725         10.1124
161       1355.1575         11.8948         12.8702
162       1360.1802         11.8308         12.8960
163       1361.1572          6.7619          7.3814
164       1369.5003          1.5140          1.6730
165       1374.6563          8.6101          9.5862
166       1379.1211         11.5381         12.9297
167       1383.5901         11.9339         13.4601
168       1383.7281         11.0326         12.4460
169       1390.0018          2.0813          2.3693
170       1390.3442         11.5961         13.2071
171       1391.8476         11.9097         13.5936
172       1396.7057         11.8714         13.6446
173       1400.8592         10.4274         12.0564
174       1427.2670          1.0660          1.2794
175       1437.0739          1.0743          1.3072
176       1444.0030          1.0769          1.3230
177       1459.4925          9.8805         12.4003
178       1465.9623          1.1073          1.4020
179       1470.0023          1.2774          1.6264
180       1470.2333          1.2482          1.5896
181       1471.2339          7.2642          9.2640
182       1473.0220         11.8711         15.1761
183       1474.1152          9.4129         12.0513
184       1476.1282         11.6833         14.9990
185       1476.8830         11.9337         15.3362
186       1482.6802         11.5327         14.9374
187       1483.8797         11.9772         15.5383
188       1484.3503         11.9360         15.4946
189       1485.7834          9.7375         12.6651
190       1488.0906          4.9871          6.5066
191       1492.3185          1.5842          2.0786
192       1513.8391         11.9045         16.0739
193       1533.2303          1.1446          1.5853
194       1545.6093          9.3915         13.2186
195       1553.6880         11.9633         17.0149
196       1556.0198         11.7261         16.7276
197       1565.2361         11.9109         17.1932
198       1575.0567         11.5125         16.8272
199       1588.5873         11.9877         17.8241
200       1612.0634         11.9441         18.2880
201       1612.1542         11.9972         18.3714
202       1613.3204         11.9620         18.3440
203       1614.1802         11.9460         18.3390
204       1617.1656         11.9770         18.4548
205       1620.9840         11.9267         18.4641
206       1621.5580         11.9820         18.5629
207       1623.3195         11.9946         18.6228
208       1625.9321         11.9603         18.6294
209       1636.9925         11.9665         18.8935
210       1641.3139         11.9001         18.8879
211       1727.3813          8.7968         15.4651
212       3030.1001          1.0460          5.6583
213       3036.4731          1.0485          5.6956
214       3066.6647          1.0707          5.9328
215       3077.3886          1.0812          6.0331
216       3080.5331          1.0860          6.0719
217       3092.0093          1.0758          6.0601
218       3113.1160          1.1017          6.2908
219       3117.4957          1.0944          6.2669
220       3156.2070          1.0851          6.3689
221       3163.7325          1.0881          6.4168
