Optimized coordinates:
76

C            -1.9632573740647           2.2886613999774          -2.3653444005680
C            -0.5541421509178           2.2890456794884          -2.6677070517249
C             0.0354786749019           1.1653971995629          -3.2313016988017
C            -0.7627303405036          -0.0007538940593          -3.5151236100384
C            -2.1200264075637          -0.0007486676893          -3.2247810061723
C            -2.7317194429384           1.1655344099362          -2.6387536466866
C            -2.1544839805128           3.0097004102693          -1.1317466010310
C            -0.8632641900871           3.4552501899157          -0.6716900516318
C             0.1256645786059           3.0088692962874          -1.6211520274776
C             1.3684285373756           2.5777155727543          -1.1777146706231
C             1.3268749468916           0.7208889653264          -2.7722927157208
C             0.0355719964503          -1.1667169235814          -3.2308011626522
C            -0.5539546863903          -2.2901733022673          -2.6667233163826
C            -1.9630691413836          -2.2897775735952          -2.3643601715298
C            -2.7316224336651          -1.1668310198392          -2.6382522629614
C            -3.7205677604739          -0.7212896332677          -1.6891138207975
C            -3.7206281920044           0.7203179290588          -1.6894239436785
C            -3.9047389475664           1.4145479420952          -0.5016402929695
C            -3.1068661811527           2.5809105339979          -0.2175530631496
C            -0.5722592776019           3.4558723363218           0.6852707784193
C            -1.5609960761107           3.0105596238309           1.6347359609166
C            -2.8044365446632           2.5812403053388           1.1918790856624
C            -3.4153352815887           1.4150290527843           1.7787720900131
C            -4.0954650077102           0.6940425677334           0.7321883451177
C            -4.0954109489417          -0.6940060448113           0.7324869805166
C            -3.9046192850217          -1.4150244992234          -0.5010315275722
C            -3.1066528844804          -2.5811995615834          -0.2164418226346
C            -2.1542361331275          -3.0103029362534          -1.1304520521685
C             1.3269301193850          -0.7219025623753          -2.7719835590772
C             0.7193618581999          -3.0091141032793           1.1468553676569
C             1.6706237973990          -2.5774495240902           0.2323325454883
C             2.4680547704940          -1.4122977438206           0.5145779919600
C             2.2867325151038          -0.7212263545892           1.7031083425233
C             1.2978771570682          -1.1654909222732           2.6519619900426
C            -0.8801764027382          -2.2887673831378           2.6824812032144
C            -1.5607482281417          -3.0099238841386           1.6360315712144
C            -0.5719740911085          -3.4555612621866           0.6867571251690
C            -0.8629802168657          -3.4555480818798          -0.6702042688728
C             0.1259097768518          -3.0094916377938          -1.6198586395812
C             1.3686348947487          -2.5780411412867          -1.1766062443195
C             2.4679375490824           1.4127891543117           0.5139748884313
C             2.2866761026863           0.7222196651883           1.7028048883441
C             1.2977786498149           1.1668037717802           2.6514619415241
C             0.6864199074776           0.0007562834055           3.2383134603690
C            -0.6704534114781           0.0007615425523           3.5304020986139
C            -1.4686930024227          -1.1655522350017           3.2470091987241
C            -2.8042267618678          -2.5808994719134           1.1929913286841
C            -3.4152311190435          -1.4144894219167           1.7793845500156
C            -2.7599854577427          -0.7202717180334           2.7870744465525
C            -2.7600423653149           0.7212997079335           2.7867645687277
C            -1.4687883810580           1.1668869987271           3.2465080868023
C            -0.8803666405966           2.2899081936728           2.6814952363001
C             0.5286836581486           2.2905096068623           2.3790236680322
C             0.7191127043633           3.0097306635580           1.1455608724128
C             1.6704127584337           2.5777551304214           0.2312238074576
C             1.9811120643562          -1.4131705057809          -1.7625931151127
C             1.9810111480147           1.4126454929089          -1.7632003021284
C             0.5288757266988          -2.2893794097178           2.3800086263258
C             2.6760755756715          -0.6964082925524          -0.7208600586715
C             2.6760148323413           0.6963828967708          -0.7211506460195
C             5.5971279330117           0.7329482641162          -0.1916172955990
C             5.5969778343009          -0.7329912613786          -0.1917151435996
C             5.9523733567339           1.4291939604897           1.0895120333863
H             5.9113697016286           2.5075688475168           0.9592211281242
H             5.2579844970799           1.1541560658066           1.8822941217684
H             6.9564050520425           1.1594758286391           1.4125363343545
C             5.9519727212978          -1.4294724977413           1.0893561987909
H             5.9102563632958          -2.5078204920630           0.9590724930096
H             6.9562451323096          -1.1604107392206           1.4121950279024
H             5.2579162724534          -1.1539503350693           1.8822509574363
C             5.2333073601632          -1.4583432517325          -1.2539438179320
H             4.9931895446250          -1.0295387838652          -2.2094280227385
H             5.2095018674104          -2.5343293924749          -1.2090540403075
C             5.2334865798330           1.4585175015239          -1.2537091635061
H             5.2098881560665           2.5345019890903          -1.2086660258601
H             4.9931353787458           1.0298938549669          -2.2092186097876

Number of optimization steps: 56
Mode     Frequencies     Reduced masses     Force Constants
           (cm^-1)            (AMU)           (mDyne/A)
0          6.2448          3.5065          0.0001
1         23.8760          6.0494          0.0020
2         32.7107          3.7942          0.0024
3         49.6293          3.8607          0.0056
4         65.3190          3.8035          0.0096
5         74.7296          4.0509          0.0133
6         97.3416          3.1053          0.0173
7        135.5336          1.0750          0.0116
8        236.6442          1.0800          0.0356
9        254.1882          9.9763          0.3798
10        254.6638         11.9978          0.4584
11        254.6821         11.9640          0.4572
12        255.5033         11.9894          0.4611
13        255.7295         11.7947          0.4545
14        311.2330          2.8919          0.1650
15        325.6656          4.5365          0.2835
16        333.2037         11.9902          0.7843
17        333.7169         11.9852          0.7864
18        334.3438         10.1057          0.6656
19        339.3872         11.9963          0.8141
20        339.8822         11.9978          0.8166
21        340.5310         11.8307          0.8083
22        345.9516          4.7878          0.3376
23        390.8243         11.9988          1.0798
24        391.1837         11.9820          1.0803
25        391.3728         11.9993          1.0829
26        391.5146         11.9926          1.0831
27        392.1175         11.9902          1.0862
28        414.0220         11.1273          1.1238
29        415.3086         11.9467          1.2141
30        415.3819         11.8948          1.2092
31        415.8288         11.9960          1.2221
32        416.0393         11.9740          1.2211
33        430.6709          2.7393          0.2994
34        445.8703          3.0113          0.3527
35        469.6939          2.1943          0.2852
36        474.6408         11.6423          1.5453
37        476.7332         11.9791          1.6041
38        477.0414         11.9984          1.6087
39        477.1518         11.9194          1.5989
40        497.3920         11.8322          1.7247
41        498.3827         11.9822          1.7535
42        499.1101         11.9950          1.7605
43        523.6513         11.7442          1.8974
44        525.7533         11.7721          1.9172
45        526.1178         11.9991          1.9569
46        526.2916         11.9986          1.9581
47        526.7625         11.3923          1.8625
48        527.6492         11.9694          1.9634
49        534.2673         11.1859          1.8812
50        534.5113         11.5985          1.9524
51        535.0173         11.9928          2.0226
52        537.2765          2.1994          0.3741
53        542.5468         11.4022          1.9775
54        543.7620         11.9969          2.0900
55        544.0283         11.6275          2.0276
56        549.6250         11.9900          2.1340
57        550.1018         11.9482          2.1303
58        550.3859         11.6805          2.0847
59        550.4190         11.9979          2.1416
60        621.7203         11.3497          2.5848
61        623.4206         11.9842          2.7442
62        623.7655         11.9913          2.7489
63        641.0292         11.5457          2.7953
64        641.5545         11.9932          2.9084
65        642.0612         11.9945          2.9133
66        642.2998         11.9583          2.9067
67        642.3176         11.9981          2.9165
68        661.5086          8.9979          2.3199
69        662.7485         11.8286          3.0611
70        664.8165         11.9170          3.1033
71        671.4199          6.4168          1.7044
72        673.1141         11.8489          3.1631
73        674.5829         11.8704          3.1826
74        674.7487         11.9986          3.2186
75        674.8625         11.9985          3.2196
76        681.1287          1.1585          0.3167
77        700.3843         10.6530          3.0789
78        700.4613         11.0415          3.1919
79        700.7392         11.9727          3.4638
80        701.5747         11.9994          3.4798
81        701.6584         11.9931          3.4788
82        704.7758         11.4540          3.3520
83        705.2188         11.9063          3.4888
84        705.2706         11.9897          3.5137
85        705.9308         11.9700          3.5145
86        720.2033         11.9268          3.6449
87        720.2250         11.9671          3.6574
88        720.4456         11.9183          3.6447
89        720.5159         11.9977          3.6697
90        732.3142          3.1198          0.9858
91        734.5007         11.7117          3.7227
92        734.5305         11.9921          3.8121
93        734.8606         11.9993          3.8178
94        736.4130          8.3789          2.6772
95        736.5869         11.9999          3.8360
96        736.6562         11.4892          3.6734
97        742.8319          2.0365          0.6621
98        756.2490         11.9966          4.0424
99        756.2505         11.9950          4.0419
100        756.3196         11.8508          3.9940
101        773.3933          3.2805          1.1561
102        795.2013         11.9326          4.4457
103        795.4203         11.9978          4.4725
104        795.4484         11.9986          4.4731
105        813.4252         11.7322          4.5737
106        815.3242         11.9987          4.6994
107        815.6189         11.9849          4.6974
108        815.7341         11.9709          4.6933
109        815.9930         11.9780          4.6990
110        883.9842          1.2759          0.5874
111        895.2815          1.2768          0.6030
112        895.9886         11.9941          5.6732
113        934.5487          1.7509          0.9010
114        968.4911          1.3331          0.7367
115        994.4112         11.7477          6.8444
116        995.0188         11.8403          6.9068
117        995.8053         11.9987          7.0103
118        996.1732         11.9956          7.0136
119       1013.6020         11.7872          7.1350
120       1013.6943         11.9170          7.2149
121       1013.7926         11.9269          7.2223
122       1026.2015          1.4056          0.8721
123       1030.9852          1.4574          0.9127
124       1036.2539          1.3791          0.8725
125       1037.7669          1.4793          0.9387
126       1126.9376         11.9899          8.9715
127       1127.1403         11.9943          8.9781
128       1127.4135         11.9915          8.9803
129       1127.6102         11.9760          8.9718
130       1127.9241         11.9971          8.9926
131       1129.7518         11.9913          9.0175
132       1130.0437         11.9968          9.0262
133       1130.3876         11.9738          9.0144
134       1130.3911         11.9959          9.0311
135       1191.8311          2.7344          2.2885
136       1217.1537         11.9901         10.4656
137       1217.2040         11.9813         10.4588
138       1217.9631         11.9993         10.4876
139       1217.9858         11.9998         10.4884
140       1218.2353         11.9804         10.4758
141       1226.4497         11.9917         10.6274
142       1227.2438         11.9984         10.6472
143       1227.4659         11.9939         10.6470
144       1228.1532         11.9988         10.6634
145       1228.4622         11.9985         10.6684
146       1228.6488         11.9980         10.6713
147       1283.8213         11.9969         11.6501
148       1284.1512         11.9980         11.6572
149       1284.3131         11.9958         11.6579
150       1284.4929         11.9986         11.6639
151       1285.6692         11.9951         11.6819
152       1286.2701         11.9978         11.6954
153       1286.5345         11.9990         11.7014
154       1286.8619         11.9994         11.7078
155       1299.7557         11.9967         11.9409
156       1299.8780         11.9821         11.9285
157       1300.0719         11.9932         11.9432
158       1301.6935         11.9946         11.9744
159       1320.5831          4.0998          4.2126
160       1326.7548         11.9961         12.4415
161       1327.3176         11.9913         12.4470
162       1327.4746         11.9985         12.4575
163       1328.2573         11.9953         12.4688
164       1339.5071         11.9989         12.6847
165       1340.4509         11.9970         12.7006
166       1340.5355         11.9958         12.7009
167       1340.8863         11.9942         12.7059
168       1341.0624         11.9997         12.7151
169       1347.0362         11.9995         12.8283
170       1347.0668         11.9950         12.8242
171       1347.6932         11.9991         12.8404
172       1384.0277          1.1409          1.2876
173       1408.0838          1.2444          1.4537
174       1409.5079          1.2320          1.4421
175       1438.3396          1.2086          1.4732
176       1443.0700         11.9828         14.7022
177       1443.4009         11.9975         14.7270
178       1443.9980         11.9944         14.7354
179       1444.2326         11.9417         14.6755
180       1455.5673         11.9964         14.9750
181       1455.8689         11.9827         14.9641
182       1455.9362         11.9548         14.9306
183       1456.3347         11.9093         14.8819
184       1456.6771         11.9948         14.9958
185       1476.0817          1.0601          1.3608
186       1477.1097          1.0762          1.3834
187       1481.9872         11.9964         15.5235
188       1482.4943         11.6337         15.0645
189       1482.6889         11.9807         15.5178
190       1496.2859          1.0746          1.4176
191       1498.2955          4.1220          5.4519
192       1499.0118          1.2889          1.7065
193       1500.2415         11.9900         15.8998
194       1500.6427         11.9465         15.8506
195       1501.2452          9.9242         13.1780
196       1519.3064         11.9704         16.2799
197       1529.8961         11.9684         16.5048
198       1532.4243         11.9682         16.5592
199       1532.7367         11.9787         16.5804
200       1548.5163         11.9080         16.8237
201       1551.0565         11.9998         17.0091
202       1551.2510         11.9999         17.0134
203       1551.7326         11.9974         17.0205
204       1552.2478         11.9934         17.0260
205       1559.6896         11.9566         17.1370
206       1561.3563         11.9993         17.2349
207       1561.6310         11.9939         17.2333
208       1561.7331         11.9932         17.2345
209       1562.2435         11.9870         17.2368
210       1628.2743          5.4305          8.4829
211       1675.5028          6.4960         10.7445
212       3006.7647          1.0888          5.7996
213       3010.8528          1.0900          5.8220
214       3017.1230          1.0633          5.7029
215       3026.4596          1.0573          5.7061
216       3046.9682          1.0633          5.8163
217       3047.8135          1.0612          5.8081
218       3110.4702          1.0622          6.0550
219       3111.1722          1.0651          6.0739
220       3139.4152          1.0979          6.3752
221       3148.9098          1.0917          6.3779
