model loaded from ../da_energy_iteration37.npz
Optimized coordinates:
16

C             1.4207318216029           1.5556256289618          -0.4929016136539
C             1.3657760697773           0.7352582526718           0.5673896912574
H             1.4693806201394           1.1962227987113          -1.5181144748053
H             1.4269389576972           2.6333398258286          -0.3601620533323
H             1.3339544967127           1.1888867090532           1.5583474460358
C             1.3664813895873          -0.7345177515263           0.5675241436522
C             1.4227623155545          -1.5550508217398          -0.4925689514787
H             1.3346701165041          -1.1880437296779           1.5585318181902
H             1.4299880230613          -2.6327389133264          -0.3595980843459
H             1.4716387780404          -1.1958122802642          -1.5178544814382
C            -2.6194144426750           0.6650930722844          -0.0160210419629
C            -2.6184921067310          -0.6663130626078          -0.0165305633250
H            -3.5474755532143           1.2297136506391           0.0492499634567
H            -1.7010469188332           1.2376307829704          -0.0795306602985
H            -1.6993414839730          -1.2375292154011          -0.0805513133132
H            -3.5457773188288          -1.2322415368004           0.0483318529165

Number of optimization steps: 17
Mode     Frequencies     Reduced masses     Force Constants
           (cm^-1)            (AMU)           (mDyne/A)
0         60.9817          2.5523          0.0056
1         69.1940          3.1381          0.0089
2         87.6205          1.3356          0.0060
3        191.8864          3.4484          0.0748
4        257.3138          1.9153          0.0747
5        262.1160          2.1843          0.0884
6        287.2354          1.5477          0.0752
7        304.8968          2.7799          0.1523
8        544.5403          1.0961          0.1915
9        652.6303          2.1383          0.5366
10        681.1393          1.6730          0.4573
11        834.5463          1.0286          0.4221
12        912.5067          1.8531          0.9091
13        961.6840          1.4131          0.7700
14        964.8664          1.4815          0.8126
15        973.3243          1.4092          0.7866
16       1020.8637          1.1412          0.7007
17       1046.3192          1.0312          0.6652
18       1048.8716          1.1600          0.7519
19       1067.3717          1.4660          0.9841
20       1113.1889          1.2132          0.8858
21       1138.0214          1.4982          1.1432
22       1300.7590          1.4567          1.4522
23       1348.3804          1.2101          1.2963
24       1351.9427          1.2305          1.3251
25       1414.0981          1.1706          1.3791
26       1470.2719          1.1457          1.4592
27       1510.3914          1.1210          1.5067
28       1513.9935          1.2702          1.7154
29       1667.3110          3.1204          5.1109
30       1693.4011          5.7402          9.6984
31       1749.5537          4.0086          7.2293
32       3105.1207          1.0686          6.0704
33       3142.1458          1.0831          6.3002
34       3153.2965          1.0676          6.2546
35       3154.9248          1.0695          6.2720
36       3162.9362          1.0822          6.3790
37       3179.4861          1.0868          6.4730
38       3211.7603          1.0855          6.5976
39       3225.7792          1.1077          6.7913
40       3229.0636          1.1122          6.8324
41       3233.7584          1.1005          6.7807
