Optimized coordinates:
76

C             1.9527725395236          -2.2897651114560          -2.3618276416823
C             0.5440851720763          -2.2902202427672          -2.6648295179615
C            -0.0466044841536          -1.1657856798477          -3.2270946472387
C             0.7518422502801           0.0001119923730          -3.5104130170528
C             2.1092161216734           0.0000639943077          -3.2204871292800
C             2.7210648058086          -1.1662412168384          -2.6344435426212
C             2.1432694334848          -3.0106424206103          -1.1277990842565
C             0.8516896970885          -3.4556081280857          -0.6684396220848
C            -0.1359310647929          -3.0078300487989          -1.6188223004739
C            -1.3776434919278          -2.5720709121015          -1.1755373517934
C            -1.3381043528575          -0.7223546101529          -2.7704490238769
C            -0.0465071955748           1.1660398031954          -3.2269838539738
C             0.5442543018548           2.2903897858078          -2.6646428190106
C             1.9529457076043           2.2898349554605          -2.3616630314767
C             2.7211687760514           1.1662859318867          -2.6343714081445
C             3.7091202643395           0.7208568180474          -1.6845675948570
C             3.7089848300643          -0.7209341040107          -1.6845779073434
C             3.8924627026305          -1.4149683285272          -0.4964780971883
C             3.0947711461030          -2.5814543656519          -0.2128157044411
C             0.5596127282531          -3.4559633073365           0.6880812274373
C             1.5474324539319          -3.0109706249024           1.6385322253978
C             2.7911610647786          -2.5815129667109           1.1964892177084
C             3.4011901692439          -1.4150035133750           1.7834921096843
C             4.0820627155623          -0.6941964199748           0.7373353943883
C             4.0820673714338           0.6938976349384           0.7373600814355
C             3.8925492197252           1.4147767289651          -0.4963882142773
C             3.0949615792935           2.5813149234023          -0.2126422115758
C             2.1434808770505           3.0106237088792          -1.1275891601554
C            -1.3380245849932           0.7226710761626          -2.7703557023645
C            -0.7314641809459           3.0081664995103           1.1476894608975
C            -1.6804557042592           2.5719403502170           0.2322513497119
C            -2.4806453310730           1.4104012322433           0.5126528039019
C            -2.3013328696670           0.7229519543105           1.7012807565789
C            -1.3127616251815           1.1659535469766           2.6495122646804
C             0.8657381761363           2.2898140071022           2.6847179497070
C             1.5476340865331           3.0107925375120           1.6387350514582
C             0.5598397180287           3.4559139154062           0.6883212140211
C             0.8519261553451           3.4556327640933          -0.6681951147485
C            -0.1357226419686           3.0079695407694          -1.6185961717812
C            -1.3774662234032           2.5722622234636          -1.1753409991552
C            -2.4806657115649          -1.4102013228501           0.5125386779658
C            -2.3013730923866          -0.7228741649959           1.7012442427190
C            -1.3128329720382          -1.1660037944282           2.6494359561634
C            -0.7018127680937          -0.0000633012924           3.2364798501432
C             0.6544288930062          -0.0001206854539           3.5313371289699
C             1.4534246751238           1.1661699201366           3.2494120311547
C             2.7913388273208           2.5812896069094           1.1966622202424
C             3.4012879569373           1.4146939760365           1.7835769962246
C             2.7447666551182           0.7207095453467           2.7907365603398
C             2.7447160409098          -0.7210446260320           2.7907069081694
C             1.4533425422846          -1.1664486469511           3.2493400246220
C             0.8655841507634          -2.2900161864000           2.6845638494491
C            -0.5428445957586          -2.2907097057757           2.3805302491526
C            -0.7316559633350          -3.0081586208453           1.1474777442822
C            -1.6806048811507          -2.5718080847724           0.2320586707245
C            -1.9920876020706           1.4106927390563          -1.7611903303824
C            -1.9921932815241          -1.4104092178809          -1.7613132295819
C            -0.5426953625960           2.2906242969686           2.3806908456936
C            -2.7250737354664           0.7040170049976          -0.7294240465286
C            -2.7249334603739          -0.7037044651590          -0.7294422334111
C            -5.5167115237100          -0.7242801230660          -0.2099658417472
C            -5.5164983575534           0.7242970794220          -0.2102387867916
C            -5.9610417268252          -1.4344379113137           1.0335546860747
H            -5.9040837071281          -2.5113608806706           0.8988710471439
H            -5.3307701904516          -1.1613369893021           1.8792765150709
H            -6.9877462741027          -1.1709427100534           1.2815230092119
C            -5.9606839447200           1.4350497839840           1.0329857169325
H            -6.9875393837042           1.1720660872780           1.2808857279634
H            -5.3306605194097           1.1619533305835           1.8788942473742
H            -5.9032536548890           2.5119048859514           0.8979614091526
C            -4.9729927927514           1.4320478317120          -1.2207070375280
H            -4.7530220102293           1.0109029829271          -2.1838938240164
H            -4.9037053027633           2.5059204327542          -1.1610504368589
C            -4.9736858528176          -1.4325912286719          -1.2202701926316
H            -4.9046510490816          -2.5064541338863          -1.1601967757045
H            -4.7534224872202          -1.0118347409575          -2.1835563110177

Number of optimization steps: 39
Mode     Frequencies     Reduced masses     Force Constants
           (cm^-1)            (AMU)           (mDyne/A)
0       -158.0889          5.5339          0.0815
1         23.9461          3.5709          0.0012
2         41.6541          5.2619          0.0054
3         58.3192          3.3955          0.0068
4         71.2741          4.7935          0.0143
5         90.6131          3.8200          0.0185
6        122.6466          1.0550          0.0093
7        153.2119          3.3527          0.0464
8        217.0972          1.2450          0.0346
9        242.1423          3.9208          0.1354
10        253.0190         11.9957          0.4525
11        253.9932         11.9920          0.4558
12        255.5371         11.9751          0.4607
13        256.2408         11.8208          0.4573
14        305.8031          4.9268          0.2715
15        313.6360          3.1933          0.1851
16        332.6275         11.8909          0.7751
17        333.4336         11.7831          0.7718
18        333.8249         11.9926          0.7874
19        335.5310         11.9888          0.7952
20        339.1843         11.9898          0.8127
21        341.8292         11.9171          0.8204
22        362.3269          4.8163          0.3725
23        390.8598         11.9888          1.0791
24        390.9700         11.8673          1.0688
25        391.0672         11.9875          1.0801
26        392.3169         11.8907          1.0783
27        393.1143         11.9408          1.0872
28        410.7045         11.7192          1.1647
29        412.2800          7.8631          0.7875
30        414.7484         11.9409          1.2102
31        414.7953         11.9105          1.2074
32        416.2152         11.9591          1.2206
33        438.6165          3.0030          0.3404
34        452.5691          2.8146          0.3396
35        467.8935          2.4240          0.3127
36        472.3216          9.0525          1.1899
37        473.3288         10.2597          1.3543
38        475.4484         11.5867          1.5432
39        477.3768         11.9956          1.6106
40        489.9669         11.0134          1.5578
41        498.1239         11.9177          1.7423
42        499.4537         11.9885          1.7620
43        518.6224         10.4240          1.6519
44        520.5433         11.7453          1.8751
45        524.1707         11.9582          1.9358
46        525.5598         11.9984          1.9526
47        527.2225         11.9380          1.9551
48        527.4203         11.8889          1.9485
49        534.3137         11.9568          2.0112
50        535.1436         11.8928          2.0067
51        535.9177         11.9530          2.0227
52        537.5159         11.8445          2.0163
53        542.7747         11.9754          2.0786
54        543.5701         11.9970          2.0885
55        548.9222         11.9625          2.1237
56        550.1363         10.9329          1.9495
57        551.4365         11.9939          2.1488
58        552.9006         11.9465          2.1517
59        564.7163          2.6864          0.5047
60        615.2900         10.2369          2.2834
61        623.6830         11.9757          2.7446
62        623.9407         11.9097          2.7317
63        638.0560         11.8987          2.8541
64        638.9267         11.3373          2.7269
65        641.7264         11.9456          2.8984
66        642.4910         11.9317          2.9019
67        643.5031         11.9750          2.9216
68        656.4969         10.7104          2.7197
69        657.4017         11.2267          2.8587
70        663.2135         10.9455          2.8366
71        665.0269         11.9903          3.1243
72        669.8441         11.5023          3.0408
73        673.9562         11.9718          3.2039
74        674.0806         11.9960          3.2115
75        674.4361         11.9998          3.2159
76        694.5302         11.9907          3.4078
77        695.7990          8.9483          2.5525
78        698.0592         11.3807          3.2674
79        700.0397         11.5596          3.3376
80        700.5216         11.9968          3.4686
81        701.2811         11.9716          3.4688
82        702.5345         11.8600          3.4488
83        704.5746         11.9799          3.5040
84        705.6628         11.9773          3.5140
85        719.8879         11.6922          3.5701
86        719.9372         11.8292          3.6124
87        720.9557         11.9676          3.6650
88        722.2328         11.4488          3.5186
89        727.9892         10.9175          3.4090
90        731.7614          7.8593          2.4795
91        733.1435         10.9749          3.4756
92        733.7678         11.9135          3.7792
93        734.0202         11.9883          3.8056
94        735.9184         11.6908          3.7304
95        736.0092         11.8538          3.7833
96        742.0317          1.0852          0.3521
97        756.3602         10.4120          3.5095
98        756.3621         11.1563          3.7604
99        757.1565          9.9672          3.3666
100        775.0101          1.4601          0.5167
101        785.4267          3.3047          1.2011
102        795.4363         11.8532          4.4187
103        796.7833          9.3190          3.4858
104        797.0454         11.6237          4.3507
105        807.7024          9.8558          3.7883
106        815.1957         11.9968          4.6972
107        815.4071         11.7298          4.5951
108        816.4042         10.2315          4.0179
109        817.3383         11.7403          4.6210
110        896.7751         11.7229          5.5546
111        907.6478          1.2420          0.6028
112        916.4626          1.2699          0.6284
113        933.8101          1.7260          0.8868
114        968.8504          1.3106          0.7248
115        991.7088          9.6285          5.5793
116        992.9671         11.1434          6.4735
117        996.6522         11.9881          7.0160
118        997.0720         11.9826          7.0187
119       1012.9678         11.7498          7.1035
120       1013.2229          9.9152          5.9974
121       1014.4979         11.6951          7.0918
122       1024.0629          1.4423          0.8912
123       1028.1493          1.4605          0.9096
124       1033.8001          1.3819          0.8702
125       1037.6278          1.4708          0.9330
126       1124.3847         11.7736          8.7698
127       1124.8837         11.9168          8.8843
128       1126.3264         11.8626          8.8666
129       1127.5077         11.9919          8.9821
130       1128.2316         11.9845          8.9881
131       1130.2007         11.9244          8.9742
132       1131.0332         11.9925          9.0388
133       1131.2591         11.9248          8.9914
134       1131.6556         11.9967          9.0519
135       1192.7121          2.7719          2.3233
136       1214.2473         11.9246         10.3588
137       1214.5064         11.9362         10.3733
138       1217.3183         11.9647         10.4463
139       1217.7246         11.9961         10.4807
140       1218.7200         11.9949         10.4968
141       1224.7528         11.9656         10.5750
142       1226.4003         11.9851         10.6208
143       1228.4251         11.9787         10.6502
144       1228.6068         11.9951         10.6679
145       1229.3552         11.9984         10.6838
146       1230.7716         11.9887         10.6999
147       1279.9321         11.9843         11.5674
148       1282.2184         11.9799         11.6045
149       1283.6828         11.9821         11.6331
150       1284.2310         11.9943         11.6550
151       1285.6754         11.9944         11.6813
152       1287.1824         11.9753         11.6901
153       1287.5733         11.9903         11.7118
154       1288.4389         11.9989         11.7359
155       1299.5554         11.9947         11.9352
156       1300.0231         11.9917         11.9408
157       1301.0431         11.9776         11.9455
158       1303.8612         11.9905         12.0102
159       1326.3399         11.9914         12.4288
160       1327.9149         11.9906         12.4576
161       1328.3998         11.9853         12.4611
162       1328.8779         11.9861         12.4709
163       1338.6614         11.9117         12.5767
164       1339.8455         11.9728         12.6636
165       1340.9976          3.7774          4.0022
166       1341.3780         11.9740         12.6938
167       1341.7984         11.9774         12.7054
168       1342.4252         11.6444         12.3637
169       1347.1293         11.9949         12.8252
170       1348.3240         11.9778         12.8296
171       1349.1989         11.9931         12.8627
172       1380.1342          1.1439          1.2838
173       1406.2633          1.2518          1.4586
174       1407.8119          1.2655          1.4778
175       1429.3070          1.6411          1.9754
176       1435.0498          4.9709          6.0315
177       1443.1747         11.9900         14.7132
178       1445.1802         11.9579         14.7146
179       1445.3322         11.9665         14.7283
180       1450.9398         11.2759         13.9863
181       1455.0642         11.9735         14.9360
182       1456.0052         11.9300         14.9011
183       1456.3780         11.9572         14.9426
184       1457.0851         11.9282         14.9209
185       1473.1994          1.0657          1.3628
186       1475.2227          1.0725          1.3752
187       1477.0918         11.5241         14.8140
188       1481.5669         11.9897         15.5060
189       1482.3884         11.7713         15.2405
190       1492.1933          1.1291          1.4812
191       1494.4488          4.4811          5.8965
192       1495.6747          1.1718          1.5444
193       1500.7659         11.9883         15.9087
194       1501.7734         11.9151         15.8327
195       1503.4367         11.7397         15.6342
196       1516.2376         11.4766         15.5453
197       1526.3710         11.6021         15.9260
198       1533.3028         11.9684         16.5784
199       1534.3795         11.9770         16.6137
200       1544.0192         10.7131         15.0478
201       1550.5774         11.9998         16.9985
202       1550.9440         11.9994         17.0060
203       1552.2467         11.9844         17.0133
204       1554.8778         11.9899         17.0788
205       1557.8355         11.3702         16.2578
206       1561.0715         11.9921         17.2183
207       1561.6727         11.8935         17.0899
208       1562.1671         11.9759         17.2192
209       1564.0772         11.9839         17.2728
210       1580.9618          4.2613          6.2754
211       1634.5213          5.8431          9.1976
212       3004.0772          1.0848          5.7679
213       3006.8838          1.0867          5.7889
214       3019.1257          1.0660          5.7250
215       3026.6861          1.0584          5.7126
216       3049.3845          1.0657          5.8384
217       3050.2554          1.0626          5.8248
218       3108.0019          1.0638          6.0544
219       3108.1489          1.0658          6.0663
220       3141.6579          1.0961          6.3741
221       3150.2805          1.0907          6.3773
