model loaded from ../AL_main_model_C60_butadiene.npz
Optimized coordinates:
76

C            -1.9298436603401           2.3000160688964          -2.3911548156773
C            -0.5084822123048           2.3019055901485          -2.6710746281003
C             0.1048841225062           1.1722209286676          -3.2127965371571
C            -0.6921171711197           0.0000008843472          -3.5106457445308
C            -2.0613927968327           0.0000006722688          -3.2519662275540
C            -2.6927962270116           1.1717476443279          -2.6768808422428
C            -2.1433951385327           3.0258513302445          -1.1537021968053
C            -0.8512492416097           3.4720504065096          -0.6697314148490
C             0.1534211922819           3.0175639941314          -1.6112422135783
C             1.3880421376456           2.5620301577539          -1.1423970465524
C             1.3957512620031           0.7376102218663          -2.7316043113200
C             0.1048840133830          -1.1722191155561          -3.2127965204822
C            -0.5084820580602          -2.3019042109651          -2.6710749601897
C            -1.9298433233474          -2.3000152155569          -2.3911555712371
C            -2.6927958757961          -1.1717467594965          -2.6768814108707
C            -3.7038356583126          -0.7244883807034          -1.7391848074104
C            -3.7038355113601           0.7244887687183          -1.7391842032339
C            -3.9094936994653           1.4209691757275          -0.5499736948550
C            -3.1132777599241           2.5949073379644          -0.2510038481736
C            -0.5811792061237           3.4728672546153           0.6958611410231
C            -1.5905969735889           3.0260558792233           1.6362435564549
C            -2.8312820190230           2.5948930514672           1.1717250200341
C            -3.4531714790803           1.4209339646802           1.7518533991495
C            -4.1205938353856           0.6963379543900           0.6880271786216
C            -4.1205940251930          -0.6963383394977           0.6880266453364
C            -3.9094936022014          -1.4209690318633          -0.5499745290346
C            -3.1132772660959          -2.5949070618911          -0.2510050563185
C            -2.1433947061870          -3.0258508466607          -1.1537035926292
C             1.3957514182470          -0.7376088411144          -2.7316048106818
C             0.7064442693098          -3.0174852683499           1.1824291751935
C             1.6679925835822          -2.5610305676638           0.2786287971519
C             2.4795339248879          -1.4176610250941           0.5727152921824
C             2.2871045011132          -0.7383501439062           1.7479799713333
C             1.2742821164862          -1.1717778111676           2.6823769132094
C            -0.9204514392033          -2.2995081295514           2.6980280963240
C            -1.5905967496347          -3.0260567358093           1.6362421324009
C            -0.5811786990582          -3.4728678794831           0.6958595177831
C            -0.8512488235629          -3.4720503056617          -0.6697328808519
C             0.1534215065031          -3.0175633349533          -1.6112435655753
C             1.3880423994417          -2.5620294563469          -1.1423983019274
C             2.4795336145069           1.4176605481149           0.5727158212300
C             2.2871045470543           0.7383493022906           1.7479800458118
C             1.2742820267181           1.1717765038432           2.6823771769942
C             0.6505826040792          -0.0000007457917           3.2617796092832
C            -0.7140085754551          -0.0000008694657           3.5446567201137
C            -1.5170216407956          -1.1716817331012           3.2538048404878
C            -2.8312817448589          -2.5948938977878           1.1717238632644
C            -3.4531712315180          -1.4209346728013           1.7518524567172
C            -2.8093131000710          -0.7244591208168           2.7726413721538
C            -2.8093130484693           0.7244578011690           2.7726416901438
C            -1.5170216151104           1.1716801611845           3.2538055000722
C            -0.9204513805953           2.2995070853921           2.6980291416167
C             0.5000754360469           2.3014915267751           2.4141752656169
C             0.7064439528819           3.0174845576130           1.1824306099585
C             1.6679924842096           2.5610302792178           0.2786299501147
C             2.0295904919401          -1.4209063187387          -1.7240518643197
C             2.0295900164262           1.4209069011246          -1.7240506750521
C             0.5000754547115          -2.3014922715184           2.4141739877153
C             3.0092293624600          -0.7988910001376          -0.7268396346461
C             3.0092290887468           0.7988912272070          -0.7268392498427
C             5.4660328320488           0.6716468731966          -0.0755993085056
C             5.4660328624289          -0.6716464789236          -0.0755992554862
C             6.3488135491599           1.5706499456603           0.7505470941751
H             6.9483563395294           2.2240918633627           0.1033120598414
H             5.7392779303907           2.2317348826469           1.3805993922487
H             7.0327329724734           1.0172352064411           1.4000576232029
C             6.3488138165875          -1.5706494881062           0.7505468736838
H             6.9483565838632          -2.2240904800061           0.1033115318025
H             7.0327320246291          -1.0172349326770           1.4000582832700
H             5.7392781091854          -2.2317356135100           1.3805984828301
C             4.4597119955780          -1.3330743461811          -0.9892905085859
H             4.7051473926977          -1.1440359576198          -2.0427634734263
H             4.4557261238530          -2.4191023115967          -0.8557089059618
C             4.4597117647377           1.3330750180854          -0.9892901429900
H             4.4557256781958           2.4191031201673          -0.8557088031104
H             4.7051477302831           1.1440365498379          -2.0427630952186

Number of optimization steps: 9
Mode     Frequencies     Reduced masses     Force Constants
           (cm^-1)            (AMU)           (mDyne/A)
0         48.3615          3.6161          0.0050
1         73.3035          3.3692          0.0107
2         95.5412          3.4471          0.0185
3        148.2609          1.0220          0.0132
4        169.4418          4.3769          0.0740
5        181.8095          1.8767          0.0365
6        210.4353          1.3236          0.0345
7        221.7171          6.6622          0.1930
8        245.7136         11.9068          0.4235
9        250.0652         11.7418          0.4326
10        253.0044         10.1897          0.3843
11        257.4124         11.8609          0.4630
12        309.1202          7.2177          0.4064
13        329.3687          6.0818          0.3887
14        331.2618          7.9791          0.5159
15        349.7049          8.9311          0.6435
16        353.0876         11.3232          0.8317
17        355.4946         11.9956          0.8932
18        359.9534         11.9484          0.9121
19        360.1647          3.5562          0.2718
20        361.7598         10.8821          0.8391
21        366.0029         11.4253          0.9018
22        369.5242          8.9065          0.7165
23        371.4341         11.6818          0.9496
24        379.1686          8.8053          0.7459
25        387.6929          5.3319          0.4722
26        409.2500          7.7925          0.7690
27        423.8188          2.9088          0.3078
28        438.8892         11.0088          1.2494
29        440.1689          9.3952          1.0725
30        445.6437          7.4499          0.8717
31        447.4607          7.7930          0.9193
32        453.5276         10.3795          1.2579
33        464.3023         11.2306          1.4264
34        476.2189         11.8377          1.5817
35        476.8965          9.3671          1.2552
36        489.8288         11.1701          1.5790
37        502.4566          8.1740          1.2159
38        508.4139          5.1605          0.7859
39        520.7742         11.8773          1.8979
40        521.8210         11.8715          1.9046
41        522.5969          7.8472          1.2627
42        524.6133         11.0797          1.7966
43        525.6526         10.7586          1.7515
44        531.3421          4.6866          0.7796
45        532.7062         11.3792          1.9026
46        538.5525          9.8713          1.6869
47        550.6222         11.5665          2.0661
48        551.2390         11.6796          2.0910
49        555.1279         11.7568          2.1346
50        556.7087          9.6987          1.7710
51        558.3261         11.4339          2.1000
52        560.2657          8.8915          1.6444
53        566.3812          8.5727          1.6203
54        567.2598         11.7804          2.2334
55        575.9822         11.0692          2.1636
56        579.2173          9.3716          1.8525
57        580.3015         11.2348          2.2291
58        589.9056          9.5408          1.9561
59        607.7087         10.7469          2.3384
60        626.3317          7.1283          1.6476
61        654.9861          9.0808          2.2953
62        673.7876         10.3722          2.7744
63        677.8868          9.1002          2.4639
64        681.7643         11.3255          3.1015
65        682.9030         11.9311          3.2783
66        701.4439          9.2392          2.6784
67        705.5158         10.8742          3.1891
68        709.7783         10.6774          3.1693
69        714.6868         11.9195          3.5871
70        718.8456         11.7357          3.5730
71        725.4400          9.3021          2.8842
72        727.0493         11.1556          3.4743
73        729.0656         10.2119          3.1981
74        729.3588         11.9023          3.7305
75        731.2096         11.8838          3.7436
76        735.7503          9.0419          2.8838
77        737.9220         11.6169          3.7270
78        737.9602         11.8691          3.8083
79        739.8600         11.0098          3.5508
80        745.1252         11.3646          3.7176
81        751.0555          5.3377          1.7740
82        757.3510          7.5654          2.5567
83        758.1567         11.5828          3.9227
84        762.3650         11.2780          3.8620
85        763.1745         10.1391          3.4794
86        765.5464         11.7506          4.0575
87        765.9872         11.8282          4.0890
88        767.8324         11.8086          4.1019
89        767.8467         11.7189          4.0708
90        770.8067         11.2737          3.9464
91        771.9206         11.3147          3.9723
92        774.6171         11.8262          4.1809
93        776.0975          9.6942          3.4403
94        776.8521         11.7777          4.1878
95        778.8177         11.6664          4.1693
96        781.2737          9.4459          3.3970
97        783.1222         11.7542          4.2472
98        792.9310         10.8694          4.0265
99        798.3001          7.7401          2.9062
100        812.5598          8.8425          3.4398
101        819.6890         11.3359          4.4875
102        822.6942         11.9896          4.7812
103        832.9557         10.6580          4.3568
104        838.5936         10.1169          4.1918
105        845.1880         10.3056          4.3374
106        918.2615          3.1655          1.5726
107        918.6051          4.0703          2.0236
108        936.9714          2.4393          1.2618
109        943.9406          7.4407          3.9062
110        970.5342          9.6956          5.3808
111        976.9744          9.6505          5.4271
112        980.6664          9.8880          5.6028
113        986.0733          2.5085          1.4371
114        986.8300          7.6813          4.4073
115        991.2008          3.3020          1.9114
116        994.2626          5.2581          3.0626
117       1013.7077          1.6634          1.0071
118       1035.7701          2.6406          1.6691
119       1047.3178          2.5125          1.6237
120       1048.6104          2.5096          1.6259
121       1049.4911          3.9694          2.5760
122       1081.2118          4.4446          3.0613
123       1089.1609          3.0676          2.1440
124       1097.9653          3.5749          2.5391
125       1113.0532          7.4107          5.4093
126       1120.2374          9.3566          6.9181
127       1128.1842         10.4424          7.8309
128       1132.2177         11.6957          8.8336
129       1132.8916         11.8691          8.9752
130       1133.6869         11.9890          9.0786
131       1150.0316          5.2205          4.0680
132       1161.1916          5.9342          4.7143
133       1176.6474          8.1309          6.6325
134       1183.5403          6.8275          5.6348
135       1199.5235          4.0485          3.4321
136       1210.9798         11.7349         10.1392
137       1217.4232          5.0097          4.3747
138       1220.3016          7.2768          6.3845
139       1223.0666          8.8745          7.8216
140       1225.2127          9.8504          8.7122
141       1233.0277          2.2630          2.0271
142       1244.9529         10.8179          9.8787
143       1245.8531         10.3897          9.5014
144       1251.2092         11.9688         11.0398
145       1257.9036          9.4947          8.8517
146       1258.6958          7.6111          7.1046
147       1261.1010          5.6384          5.2833
148       1265.6051          8.1949          7.7338
149       1275.0981         11.1074         10.6402
150       1277.2079          2.2114          2.1254
151       1281.9720          2.5417          2.4612
152       1298.6687          7.6519          7.6036
153       1299.2813         11.4964         11.4346
154       1303.2358          8.9961          9.0022
155       1311.7185          7.2397          7.3393
156       1318.4913         11.9771         12.2675
157       1320.0638         11.8896         12.2070
158       1322.8848         11.7850         12.1513
159       1325.6707         10.5932         10.9685
160       1329.4664         10.8043         11.2513
161       1339.3120         10.1698         10.7480
162       1340.6467         11.5125         12.1912
163       1353.6414          8.4999          9.1764
164       1358.9869          1.6762          1.8240
165       1362.8352          9.9063         10.8404
166       1367.1169         10.7066         11.7900
167       1368.8328         10.8747         12.0052
168       1371.7509         11.0408         12.2406
169       1373.0253         11.8923         13.2091
170       1378.6312         11.9563         13.3888
171       1380.7385          9.3335         10.4838
172       1382.6278          2.1310          2.4001
173       1390.9059         10.6236         12.1092
174       1398.5954          1.2423          1.4317
175       1419.1257          1.2015          1.4257
176       1449.2875         11.8302         14.6404
177       1449.3532         11.9302         14.7654
178       1452.3827         11.9859         14.8965
179       1454.2309         11.9644         14.9076
180       1454.6577         11.9762         14.9310
181       1462.8881         11.8684         14.9645
182       1464.8635          1.0660          1.3477
183       1465.1892         11.9114         15.0661
184       1472.0943         11.7909         15.0546
185       1474.7187         11.5961         14.8587
186       1480.3354         11.7049         15.1125
187       1484.0925          7.7434         10.0485
188       1485.7132         11.4632         14.9082
189       1487.8747          1.1084          1.4457
190       1496.1539          1.0500          1.3848
191       1498.4124          1.0619          1.4047
192       1539.3423         10.9933         15.3479
193       1546.5474          1.1157          1.5723
194       1551.0683          9.0410         12.8153
195       1555.7994         11.9186         16.9974
196       1557.4493         11.8961         17.0013
197       1567.2097          1.7087          2.4727
198       1568.8990          2.4190          3.5081
199       1583.1533         11.9762         17.6855
200       1585.8613         11.7324         17.3846
201       1587.0856         11.9945         17.8006
202       1587.1980         11.7993         17.5134
203       1589.5508         11.9185         17.7428
204       1590.9125         11.9630         17.8396
205       1591.4254         11.9086         17.7698
206       1592.7813         11.7355         17.5413
207       1601.5281         11.8069         17.8424
208       1605.6310         11.8702         18.0302
209       1618.0932         11.8012         18.2047
210       1633.3131         11.8694         18.6559
211       1767.9384          7.6553         14.0977
212       2979.0475          1.0712          5.6011
213       2982.8882          1.0697          5.6077
214       3039.9174          1.0375          5.6491
215       3051.0377          1.0408          5.7083
216       3061.2035          1.0887          6.0108
217       3076.9972          1.0887          6.0730
218       3127.6106          1.0977          6.3267
219       3142.4181          1.0912          6.3484
220       3182.2119          1.0970          6.5451
221       3191.7632          1.1007          6.6065
