model loaded from ../../ADL_main_model_ethene_butadiene.npz
Optimized coordinates:
16

C             1.3925308332247           1.5692629505001          -0.3579532507774
C             1.8368998813661           0.6153691056352           0.4715737660404
H             0.7983189712304           1.3450777073763          -1.2395767202738
H             1.6063358293984           2.6183026960263          -0.1791831940440
H             2.4161359679874           0.9263264722002           1.3397359057370
C             1.6285858064683          -0.8332839036659           0.3627844616657
C             1.0493044239844          -1.5109437728190          -0.6385659219188
H             2.0040330285875          -1.4092006441600           1.2084710158873
H             0.9462706523362          -2.5902624616980          -0.6009158372599
H             0.6546457760702          -1.0230733347310          -1.5259113199023
C            -2.8278928726764           0.6994436681973          -0.0654706494209
C            -2.6585207634420          -0.5648180840574           0.3109551689244
H            -3.7963929343493           1.1004914578829          -0.3523162458656
H            -1.9960852359953           1.3969714026066          -0.0989837309161
H            -1.6780868309125          -0.9408027102637           0.5942660345845
H            -3.4806190778967          -1.2740103679829           0.3544726449703

Number of optimization steps: 52
Mode     Frequencies     Reduced masses     Force Constants
           (cm^-1)            (AMU)           (mDyne/A)
0         32.6794          2.2825          0.0014
1         75.5716          3.1244          0.0105
2         88.3024          2.1002          0.0096
3        109.3400          2.2954          0.0162
4        152.4994          2.0810          0.0285
5        213.7074          1.6196          0.0436
6        250.2486          2.1242          0.0784
7        292.8615          1.8859          0.0953
8        517.6796          1.1693          0.1846
9        577.1932          2.1142          0.4150
10        771.0896          1.7068          0.5979
11        906.1750          2.1479          1.0392
12        924.5951          1.0681          0.5380
13        948.2432          1.4478          0.7670
14        959.5799          1.3307          0.7219
15        960.7304          1.3285          0.7225
16       1017.9477          1.0921          0.6668
17       1045.1216          1.0780          0.6938
18       1054.4772          1.1156          0.7309
19       1067.9813          1.0866          0.7302
20       1086.5900          1.4303          0.9950
21       1161.2869          1.5697          1.2472
22       1298.3549          1.5161          1.5058
23       1340.9788          1.3253          1.4042
24       1380.3815          1.2752          1.4316
25       1396.1401          1.3177          1.5133
26       1483.5334          1.1551          1.4979
27       1513.2370          1.1174          1.5076
28       1523.6098          1.3018          1.7805
29       1704.5075          3.8460          6.5834
30       1731.9262          2.6333          4.6538
31       1751.4885          3.3205          6.0016
32       3125.4797          1.0520          6.0550
33       3157.1245          1.0827          6.3584
34       3174.1236          1.0839          6.4342
35       3177.8400          1.0762          6.4033
36       3199.4413          1.0617          6.4033
37       3207.7950          1.0642          6.4520
38       3227.4417          1.1140          6.8365
39       3268.3134          1.1163          7.0258
40       3272.6152          1.1171          7.0490
41       3278.5096          1.1161          7.0684
