model loaded from ../../ADL_main_model_ethene_butadiene.npz
Optimized coordinates:
16

C             0.4440537503487          -1.4339594274158           0.4887057996807
C             1.3231892275906          -0.7032016667256          -0.2889942732414
H             0.1283208081842          -1.0578302958949           1.4550054757225
H             0.3874350297081          -2.5147165272289           0.3836818136966
H             1.8748731815471          -1.2130712891825          -1.0774502849870
C             1.3233261200988           0.7029826727890          -0.2889997904086
C             0.4443457651490           1.4339220947034           0.4887034116251
H             1.8751327294232           1.2127450110579          -1.0774388541480
H             0.3879473131932           2.5146926832468           0.3837020017331
H             0.1284680684657           1.0578512363209           1.4549787654747
C            -1.5745597001951          -0.6931030091921          -0.2274650061595
C            -1.5744994541629           0.6933291174686          -0.2275087217487
H            -2.0803844153093          -1.2381162422526           0.5646024980485
H            -1.4684483637129          -1.2369621818887          -1.1591241937623
H            -1.4682751190856           1.2371533054760          -1.1591742555701
H            -2.0802034853880           1.2384356105817           0.5645685153094

Number of optimization steps: 2
Mode     Frequencies     Reduced masses     Force Constants
           (cm^-1)            (AMU)           (mDyne/A)
0       -515.6805          8.1378          1.2750
1        130.7172          1.9915          0.0200
2        178.6243          4.3359          0.0815
3        275.9290          2.6940          0.1209
4        386.9022          2.4783          0.2186
5        395.8861          2.6367          0.2435
6        444.1068          3.4924          0.4058
7        578.2879          1.8065          0.3559
8        616.1154          1.1136          0.2491
9        684.7297          1.1829          0.3268
10        767.3134          1.4703          0.5100
11        823.0480          1.1267          0.4497
12        859.5813          1.0302          0.4485
13        887.0791          1.1632          0.5393
14        942.2160          1.3515          0.7069
15        960.0717          1.3544          0.7355
16        960.6622          1.1752          0.6390
17        995.1529          1.1262          0.6571
18       1004.7942          1.2350          0.7346
19       1019.9201          1.1659          0.7146
20       1104.8070          1.7853          1.2839
21       1108.9702          1.5794          1.1444
22       1249.6680          1.4109          1.2982
23       1274.7442          1.7990          1.7224
24       1278.0687          1.4605          1.4056
25       1335.6202          1.4799          1.5554
26       1454.8382          1.2090          1.5076
27       1485.1986          1.1077          1.4396
28       1513.3687          1.5463          2.0865
29       1579.7382          1.5823          2.3266
30       1623.3463          2.3988          3.7245
31       1623.4123          2.1298          3.3070
32       3140.6987          1.0831          6.2947
33       3158.9989          1.0521          6.1858
34       3159.3960          1.0648          6.2623
35       3177.7394          1.0639          6.3295
36       3182.5111          1.0751          6.4157
37       3185.5614          1.0738          6.4202
38       3250.7415          1.1161          6.9487
39       3254.3416          1.1152          6.9584
40       3257.5506          1.1159          6.9768
41       3274.7212          1.1158          7.0500
