model loaded from ../AL_main_model_C60_butadiene.npz
Optimized coordinates:
76

C            -2.0809858685338           2.9274693755130          -1.4822117903152
C            -0.7330058622536           2.9071495059362          -2.0160600189241
C            -0.3643240076778           1.9310381788567          -2.9387318713664
C            -1.3265748877976           0.9336484858858          -3.3627437261918
C            -2.6214019702903           0.9526043879577          -2.8497057122018
C            -3.0061133196666           1.9694648378736          -1.8906930506421
C            -2.0043359767372           3.3125621485557          -0.0865784984100
C            -0.6090359457225           3.5305136671297           0.2422115812107
C             0.1758327620662           3.2798772848418          -0.9500212827280
C             1.4189535389437           2.6606431600739          -0.8473943794001
C             0.9304542221094           1.2873989604753          -2.8334361163528
C            -0.6269553524534          -0.3266419985140          -3.5184542063339
C            -1.2488217355333          -1.5185789227465          -3.1547567123073
C            -2.5968729011139          -1.4988105086793          -2.6214040577844
C            -3.2692552980443          -0.2880254598482          -2.4717491192874
C            -4.0550759302794          -0.0377583502564          -1.2793683604382
C            -3.8923807933718           1.3574124078209          -0.9202094305799
C            -3.8188292307971           1.7274465511500           0.4207076692227
C            -2.8559918926591           2.7245795572626           0.8458233783696
C            -0.1207180831717           3.1531896542852           1.4907744237729
C            -1.0069364024530           2.5406566860994           2.4608581440516
C            -2.3473442075401           2.3308199983369           2.1450443452646
C            -2.9954231898709           1.0901881743494           2.5227583423012
C            -3.9050188376474           0.7173472505255           1.4571257824388
C            -4.0614772997603          -0.6231597190710           1.1120549113431
C            -4.1379976032870          -1.0082694806214          -0.2835578398242
C            -3.4385691905511          -2.2685855979970          -0.4396007718728
C            -2.6831779821042          -2.5087957138383          -1.5851209562039
C             0.7676489940133          -0.1088008604407          -3.1920800810934
C             0.4944124893257          -3.3139520428810           0.0984322413460
C             1.3478034401986          -2.7272571916775          -0.8347766609916
C             2.3076308911889          -1.7298850924149          -0.4078420813336
C             2.3780493909499          -1.3590354384115           0.9298930277711
C             1.4962570534494          -1.9716341012349           1.9034159359997
C            -0.7769703226228          -2.9091814242349           2.0278825660533
C            -1.6863063354381          -3.2815759210665           0.9621632824674
C            -0.9002451448051          -3.5316699323528          -0.2302535889899
C            -1.3885464995267          -3.1525904950328          -1.4783565794567
C            -0.5021317688500          -2.5402102350841          -2.4478996499060
C             0.8391238669328          -2.3319324149002          -2.1338011351804
C             2.6241077749133           1.0069508948525           0.2946505011466
C             2.5355105239357           0.0373779155227           1.2869194430721
C             1.7564800881307           0.2874586757549           2.4819639345461
C             1.1118771829683          -0.9539496882205           2.8612282193879
C            -0.1835022308017          -0.9344482468498           3.3734795685270
C            -1.1463041322417          -1.9314247000523           2.9488508836234
C            -2.9299629027912          -2.6625332028074           0.8596395759586
C            -3.3148092887697          -1.6455390697738           1.8185770163520
C            -2.4408038489141          -1.2873050929663           2.8423940078445
C            -2.2778798773456           0.1078497690415           3.2014467580277
C            -0.8826265528730           0.3260150802862           3.5296349911732
C            -0.2605575658538           1.5187970506687           3.1675241268619
C             1.0872161213948           1.4994550386095           2.6345586984500
C             1.1737165539914           2.5091437915213           1.5969747662062
C             1.9259404544961           2.2662072179791           0.4506578286269
C             1.4857702140686          -1.0918610891813          -2.5121427160466
C             1.8016565948934           1.6444448195932          -1.8079214665688
C             0.5707481569459          -2.9297313828713           1.4941609281879
C             2.3925436132258          -0.7167529473557          -1.4456122277257
C             2.5435667587923           0.6208252437453          -1.1021320037862
C             5.8934387993987           0.7593278202773          -0.1878493808089
C             5.9098486060664          -0.7452231891566          -0.1806775287041
C             6.1708023726210           1.4747381613907           1.1147801003216
H             6.1493773994502           2.5609739312404           0.9863827545439
H             5.4195864443490           1.2152431541060           1.8721386552309
H             7.1523297091693           1.2124060255469           1.5273920837451
C             6.2000430006187          -1.4452443875583           1.1272813360308
H             6.1846623912298          -2.5321993668725           0.9994750269708
H             7.1845805387592          -1.1808813605472           1.5373544297810
H             5.4562309373911          -1.1965049726740           1.8985323247932
C             5.6334413184446          -1.5062040903859          -1.2575838080870
H             5.4071021771061          -1.0920031063496          -2.2338140607791
H             5.6516747357669          -2.5891789102694          -1.1889911255310
C             5.5988095283665           1.4909385281460          -1.2748116979848
H             5.5648944158971           2.5760042349970          -1.2296026578618
H             5.3830768170670           1.0443066198115          -2.2388462796654

Number of optimization steps: 37
Mode     Frequencies     Reduced masses     Force Constants
           (cm^-1)            (AMU)           (mDyne/A)
0         24.1701          4.6537          0.0016
1         29.1919          4.4175          0.0022
2         43.4830          5.9284          0.0066
3         99.0084          3.7328          0.0216
4        124.0168          3.0136          0.0273
5        155.3289          3.8090          0.0541
6        196.4022          3.2860          0.0747
7        206.3255          1.0528          0.0264
8        257.0449         11.9037          0.4634
9        257.2345         11.8226          0.4609
10        257.7469         11.7982          0.4618
11        258.4430         11.3082          0.4450
12        267.2778         10.8111          0.4550
13        295.6470          1.0785          0.0555
14        344.3503          2.4525          0.1713
15        356.8991         11.9687          0.8982
16        357.2154         11.9527          0.8986
17        357.5721         11.9284          0.8986
18        360.0000         11.9673          0.9138
19        360.1032         11.9071          0.9097
20        361.0814         11.9261          0.9161
21        361.4849         11.9647          0.9212
22        361.7736         11.9845          0.9242
23        363.3598         11.9149          0.9269
24        368.9575         11.8608          0.9513
25        370.6971         11.9098          0.9643
26        372.1647         11.9265          0.9733
27        437.8030          4.0340          0.4556
28        444.5309         10.8120          1.2588
29        446.1201         11.9253          1.3984
30        446.4115          8.2312          0.9665
31        447.3591         11.2821          1.3303
32        449.2779         11.1247          1.3230
33        471.6884          2.5693          0.3368
34        477.6665         11.8031          1.5867
35        478.7089          9.2895          1.2543
36        480.2360         11.4041          1.5496
37        480.5733          6.8189          0.9279
38        482.6243          3.8063          0.5224
39        501.1128          2.3587          0.3490
40        522.9043         11.9569          1.9263
41        525.5369         11.9491          1.9444
42        527.1036         11.9359          1.9539
43        527.7152         11.9765          1.9651
44        528.7941         11.9638          1.9710
45        529.4413         11.8658          1.9597
46        536.3774         11.9622          2.0277
47        536.8882         11.8344          2.0099
48        539.6427         11.6245          1.9945
49        553.9446         11.9950          2.1686
50        555.4196         11.9929          2.1798
51        555.7825         11.9905          2.1822
52        558.3374         11.9885          2.2020
53        558.9985         11.9903          2.2075
54        559.1111         11.9833          2.2071
55        559.8161         11.8588          2.1897
56        568.7670         11.6427          2.2191
57        569.7915         11.9362          2.2832
58        572.1775         11.1479          2.1503
59        606.5959         11.5800          2.5105
60        607.8875         11.7551          2.5593
61        609.5818         11.8618          2.5969
62        628.1610          2.1407          0.4977
63        646.6762          1.0728          0.2643
64        682.0967         11.6150          3.1839
65        682.7680         11.8095          3.2436
66        683.4443         11.7898          3.2446
67        683.8366         11.8129          3.2547
68        684.1404         11.7388          3.2372
69        691.0330          1.3328          0.3750
70        713.4755         10.0751          3.0218
71        715.0308          9.3466          2.8155
72        719.3134         11.8955          3.6264
73        720.4402         11.7970          3.6076
74        721.5146         11.4910          3.5245
75        730.9715         11.4493          3.6044
76        731.4326         11.7377          3.6998
77        735.1614         11.4001          3.6302
78        737.8654         11.7448          3.7675
79        739.5870         11.9453          3.8497
80        740.0379         11.3746          3.6702
81        741.2205         11.9555          3.8700
82        742.5685         11.7444          3.8155
83        758.1976          3.6107          1.2229
84        760.5357          8.5222          2.9043
85        763.4759         11.2447          3.8618
86        764.2206         11.8606          4.0813
87        766.0366         11.9136          4.1190
88        766.9488         11.9573          4.1440
89        767.6194         11.9304          4.1419
90        767.9193         11.9878          4.1650
91        768.1405         11.8335          4.1138
92        773.0295         11.9118          4.1939
93        773.7404         11.8745          4.1885
94        774.6298         11.9154          4.2126
95        777.2326         11.9683          4.2597
96        778.7031         11.9832          4.2812
97        779.7865         11.9656          4.2868
98        780.1251         11.8589          4.2523
99        785.0990         11.9787          4.3502
100        785.8361         11.9946          4.3641
101        786.0885         11.9074          4.3352
102        787.8801         11.9323          4.3641
103        788.7272         11.9739          4.3887
104        821.1964         11.9856          4.7622
105        821.9735         11.9779          4.7681
106        822.9557         11.9886          4.7838
107        841.7525         11.9903          5.0055
108        843.7965         11.9637          5.0187
109        843.8191         11.9908          5.0303
110        960.2915          1.2664          0.6881
111        961.5257          1.8921          1.0307
112        970.0874         11.6984          6.4863
113        972.1003          4.8716          2.7124
114        972.5650          8.2147          4.5780
115        974.0788          3.9172          2.1899
116        975.3380          2.5361          1.4214
117        976.6719         11.4491          6.4346
118        994.6260         11.7020          6.8207
119        994.7232         11.9019          6.9386
120        997.8690         11.5494          6.7757
121       1010.4388          1.3628          0.8198
122       1024.2283          1.6497          1.0196
123       1054.3498          1.3923          0.9119
124       1061.5203          1.3269          0.8810
125       1107.9515          1.5083          1.0909
126       1119.1073         11.9654          8.8292
127       1121.5042         11.7209          8.6858
128       1122.8385         11.9969          8.9115
129       1124.3173         11.9546          8.9036
130       1124.4547         11.8573          8.8332
131       1125.4648         11.7414          8.7626
132       1128.5227         11.9903          8.9971
133       1129.2157         11.9049          8.9440
134       1131.5153         11.9829          9.0392
135       1206.2449         11.9809         10.2710
136       1208.0685         11.9946         10.3138
137       1210.2057         11.9962         10.3517
138       1217.8504         11.9940         10.4809
139       1218.5631         11.9910         10.4906
140       1220.2367         11.9884         10.5171
141       1242.6189         11.9382         10.8609
142       1244.0968         11.9937         10.9374
143       1244.9290         11.9975         10.9555
144       1245.1911         11.9600         10.9258
145       1245.8378         11.9939         10.9681
146       1260.7100          2.1928          2.0535
147       1264.0772         11.9513         11.2515
148       1264.8816         11.8194         11.1415
149       1266.4942         11.9661         11.3086
150       1267.0626         11.9838         11.3355
151       1268.8502         11.9746         11.3588
152       1308.8897         11.9935         12.1061
153       1309.6839         11.9908         12.1181
154       1310.7971         11.9949         12.1428
155       1312.4779         11.9979         12.1769
156       1312.7653         11.9946         12.1790
157       1314.1346         11.9904         12.2001
158       1315.4840         11.9956         12.2305
159       1331.6754         11.9745         12.5114
160       1332.2226         11.9861         12.5338
161       1332.3372         11.9892         12.5391
162       1335.3102         11.9960         12.6023
163       1350.0978          3.3822          3.6323
164       1363.6869         11.9892         13.1363
165       1364.6749         11.9670         13.1309
166       1365.3238         11.9853         13.1634
167       1365.9464         11.9856         13.1758
168       1367.2456         11.9891         13.2048
169       1373.2096         11.9946         13.3263
170       1375.1998         11.9788         13.3474
171       1375.6230         11.9948         13.3735
172       1436.2636          1.2158          1.4777
173       1445.7232         11.9070         14.6629
174       1446.7339         11.6229         14.3332
175       1448.4019         10.1713         12.5721
176       1449.1487         11.9713         14.8122
177       1450.9477         11.9321         14.8003
178       1455.1749          1.2660          1.5794
179       1460.9127         10.7038         13.4597
180       1461.8161         11.7913         14.8456
181       1466.2051         11.9190         15.0967
182       1472.2057         10.8283         13.8276
183       1473.1133         11.6672         14.9173
184       1475.5715         11.7316         15.0497
185       1478.0366          9.0564         11.6567
186       1481.3723          1.3134          1.6982
187       1488.1634         11.8279         15.4334
188       1493.0986          1.2399          1.6286
189       1509.8702          1.0545          1.4163
190       1518.0578          1.0666          1.4482
191       1523.4774          1.0465          1.4310
192       1537.8869          1.1045          1.5390
193       1547.9918         11.1727         15.7742
194       1548.1862         11.9923         16.9356
195       1549.5040         11.9552         16.9119
196       1551.7622         11.9717         16.9846
197       1577.1525         11.9847         17.5640
198       1577.7868         11.9637         17.5473
199       1578.2567         11.9792         17.5806
200       1584.5779         11.9935         17.7428
201       1585.1757         11.9880         17.7480
202       1586.5856         11.9885         17.7804
203       1587.7323         11.9888         17.8065
204       1588.7984         11.9849         17.8248
205       1595.9091         11.9866         17.9872
206       1596.6222         11.9941         18.0145
207       1597.6568         11.9748         18.0088
208       1602.9524         11.9705         18.1219
209       1613.2251         11.9294         18.2918
210       1660.7348          3.7310          6.0629
211       1703.6437          4.8605          8.3117
212       2910.8648          1.0819          5.4010
213       2920.1881          1.0756          5.4041
214       2939.1451          1.0803          5.4983
215       2954.4751          1.0798          5.5531
216       3094.6149          1.0822          6.1063
217       3104.0946          1.0832          6.1491
218       3108.6875          1.0824          6.1632
219       3191.1488          1.0699          6.4192
220       3363.8598          1.0930          7.2868
221       3398.3114          1.0994          7.4807
