Optimized coordinates:
16

C             0.4883890317680          -1.4340787969462           0.5134845242664
C             1.2705246535794          -0.7046373767593          -0.3170477238091
H             0.1597731397969          -1.0473273795204           1.4602559940077
H             0.4222135981539          -2.5041967574101           0.4015747250516
H             1.7633999946712          -1.1960004737359          -1.1456330515800
C             1.2663898284794           0.7112568739565          -0.3167667503701
C             0.4795794656718           1.4357391624056           0.5137725093558
H             1.7564343534299           1.2058364624051          -1.1451138158261
H             0.4076685451900           2.5055650963643           0.4025477246710
H             0.1537430203537           1.0467660686907           1.4606068202816
C            -1.5729266800765          -0.6790478985527          -0.2260568779295
C            -1.5757152298269           0.6716842109912          -0.2259832418654
H            -1.9953379070784          -1.2350250081822           0.5929684045596
H            -1.3988623508814          -1.2288807322445          -1.1342471496828
H            -1.4052364314587           1.2223343344357          -1.1343607004557
H            -2.0012423797472           1.2254313386232           0.5929864110890

Number of optimization steps: 7
Mode     Frequencies     Reduced masses     Force Constants
           (cm^-1)            (AMU)           (mDyne/A)
0       -393.8166          8.2487          0.7537
1        116.9562          2.1475          0.0173
2        172.9451          4.0692          0.0717
3        253.8201          3.1171          0.1183
4        356.8953          2.5025          0.1878
5        367.5599          2.7468          0.2186
6        422.5783          2.8919          0.3043
7        557.9766          2.0806          0.3817
8        585.9716          1.0636          0.2152
9        646.0106          1.1476          0.2822
10        769.5995          1.6191          0.5650
11        841.8636          1.0405          0.4345
12        877.1697          1.1738          0.5321
13        890.1009          1.0976          0.5124
14        911.1596          1.2467          0.6098
15        936.3737          1.3878          0.7169
16        960.9758          1.1794          0.6417
17        996.1475          1.1307          0.6611
18       1004.9407          1.1014          0.6554
19       1027.0005          1.0877          0.6760
20       1070.5169          1.5632          1.0555
21       1113.6021          1.7657          1.2901
22       1188.6313          1.4585          1.2141
23       1266.1182          1.2109          1.1437
24       1316.5088          1.3755          1.4046
25       1349.7644          1.3495          1.4486
26       1384.5663          1.1524          1.3016
27       1413.3012          1.1161          1.3135
28       1439.3214          1.4499          1.7697
29       1521.3668          2.3171          3.1599
30       1597.0194          3.9397          5.9202
31       1604.8994          4.3241          6.5620
32       3052.4047          1.0756          5.9046
33       3064.0762          1.0837          5.9944
34       3100.8522          1.0574          5.9905
35       3102.4997          1.0590          6.0057
36       3105.1489          1.0588          6.0150
37       3107.2191          1.0555          6.0043
38       3120.1843          1.0987          6.3021
39       3136.6096          1.0979          6.3639
40       3139.0644          1.1057          6.4192
41       3144.9044          1.1044          6.4354
