model loaded from ../../ADL_main_model_ethene_butadiene.npz
Optimized coordinates:
16

C            -1.5017596724706           0.0524875897394           0.1071207455041
C            -0.6665239777981           1.3120838376707           0.0470876298593
H            -2.3761428912967           0.1716396084812          -0.5462677592562
H            -1.9060093432894          -0.0584799591282           1.1241254351796
H            -1.2127359616026           2.2534040385022           0.1089773201508
C             0.6665181891434           1.3120867689156          -0.0470874791486
C             1.5017596694490           0.0524934831844          -0.1071212240264
H             1.2127266133152           2.2534088737367          -0.1089767275104
H             2.3761425868860           0.1716492330753           0.5462669853107
H             1.9060092540574          -0.0584726351685          -1.1241260577037
C            -0.7063329052003          -1.2020190159285          -0.2992092602695
C             0.7063379647827          -1.2020160855753           0.2992095331762
H            -0.6268571793718          -1.2355768643133          -1.3922351645467
H            -1.2468224318835          -2.1063516706979           0.0084345693923
H             0.6268624606741          -1.2355734523728           1.3922354290739
H             1.2468312850733          -2.1063466401567          -0.0084337006658

Number of optimization steps: 4
Mode     Frequencies     Reduced masses     Force Constants
           (cm^-1)            (AMU)           (mDyne/A)
0        158.6699          1.7695          0.0262
1        247.2949          1.7361          0.0626
2        405.4034          2.1884          0.2119
3        476.5127          2.2466          0.3006
4        508.8833          4.7099          0.7186
5        684.3548          1.3615          0.3757
6        755.8617          1.6271          0.5477
7        812.6711          2.7756          1.0800
8        854.4125          1.4697          0.6321
9        898.2225          2.5290          1.2022
10        924.4027          2.6365          1.3274
11        963.5915          1.1966          0.6546
12        971.8613          1.3603          0.7570
13       1020.8294          3.0828          1.8928
14       1089.5809          2.2018          1.5401
15       1098.0468          1.9210          1.3646
16       1127.8358          1.6725          1.2535
17       1197.2200          1.1800          0.9965
18       1228.5287          1.1312          1.0059
19       1266.5988          1.2934          1.2225
20       1300.9234          1.1459          1.1426
21       1314.4136          1.0950          1.1146
22       1380.2166          1.4321          1.6074
23       1407.8215          1.4184          1.6563
24       1411.8552          1.5316          1.7988
25       1419.3791          1.5514          1.8415
26       1498.9762          1.1135          1.4742
27       1504.6819          1.0884          1.4518
28       1517.8940          1.3375          1.8157
29       1564.8734          1.0881          1.5700
30       1574.4080          1.0776          1.5737
31       1745.1988          5.7645         10.3443
32       3002.5017          1.0633          5.6479
33       3002.7857          1.0627          5.6454
34       3018.8577          1.0723          5.7575
35       3036.1664          1.0748          5.8373
36       3079.2639          1.1002          6.1463
37       3084.3442          1.1000          6.1654
38       3146.7397          1.0871          6.3423
39       3174.2395          1.0914          6.4788
40       3181.8966          1.0806          6.4461
41       3198.4130          1.0957          6.6039
