Optimized coordinates:
76

C            -1.9229084529544           2.2944742100043          -2.3733052894028
C            -0.5110579062023           2.2945026311059          -2.6552300970448
C             0.0936151028111           1.1660989673010          -3.1994716094278
C            -0.7004596733094           0.0011250157684          -3.4919373950486
C            -2.0627532284432           0.0010774050925          -3.2288685530711
C            -2.6850128946377           1.1679517990291          -2.6531700982517
C            -2.1293867177722           3.0152199874812          -1.1409825178097
C            -0.8432834014256           3.4583031925545          -0.6652886648399
C             0.1536483254640           3.0045988624351          -1.6034388552693
C             1.3868750920931           2.5499878946792          -1.1454715961019
C             1.3793131331546           0.7314846679749          -2.7297702057859
C             0.0935547220916          -1.1640777760107          -3.2002196363385
C            -0.5111868018400          -2.2927952268063          -2.6567028617925
C            -1.9230380234297          -2.2928715682688          -2.3747781440048
C            -2.6850842273141          -1.1661309660553          -2.6539232634900
C            -3.6828654756031          -0.7208664837803          -1.7172986259487
C            -3.6828062027151           0.7221401708616          -1.7168239697394
C            -3.8822190109620           1.4159258492682          -0.5305084184502
C            -3.0908418085215           2.5837871856049          -0.2371090485295
C            -0.5670749802899           3.4576441537235           0.6935809473712
C            -1.5655244763359           3.0142252934906           1.6333688905594
C            -2.8035958322243           2.5833144222619           1.1762359904119
C            -3.4178277121599           1.4151775624939           1.7545554856750
C            -4.0851806864996           0.6940516193535           0.7002361741766
C            -4.0852061607112          -0.6942966735928           0.6997912459671
C            -3.8822975501964          -1.4153958804907          -0.5314175061247
C            -3.0909858740279          -2.5834891508708          -0.2387650918743
C            -2.1295550022410          -3.0143955924756          -1.1429155326220
C             1.3792791396853          -0.7298306420140          -2.7302389158723
C             0.7166056702707          -3.0038625604747           1.1658589633040
C             1.6726834750028          -2.5483146311275           0.2626041302478
C             2.4782233892374          -1.4063413926559           0.5499218237967
C             2.2846143207253          -0.7308352046315           1.7248332665323
C             1.2846060110720          -1.1659214218220           2.6593018406763
C            -0.8946322071967          -2.2944070984280           2.6854149877078
C            -1.5656962191561          -3.0152109678552           1.6314452986623
C            -0.5672758009808          -3.4580867480239           0.6913724540130
C            -0.8434781829419          -3.4578536864224          -0.6675013749669
C             0.1534757539100          -3.0036026036939          -1.6053642851491
C             1.3867191402797          -2.5493426485803          -1.1471013661945
C             2.4784046784335           1.4058780368528           0.5508086708340
C             2.2846857982215           0.7296157000377           1.7252889204421
C             1.2846829065041           1.1641410159291           2.6600322222856
C             0.6675417816597          -0.0010558366469           3.2387396770750
C            -0.6895288336128          -0.0011159365538           3.5279248896680
C            -1.4870905468229          -1.1679869038906           3.2406671611065
C            -2.8037389068077          -2.5839366300828           1.1745812844038
C            -3.4178975362737          -1.4161334265678           1.7536499496464
C            -2.7712271309110          -0.7223162894846           2.7679941704885
C            -2.7711955888964           0.7206752714261           2.7684524609555
C            -1.4870310960181           1.1659765523748           3.2414072723273
C            -0.8945016605795           2.2927146168497           2.6868762154445
C             0.5153778557944           2.2926095844281           2.3953722007552
C             0.7167890944910           3.0030537883807           1.1677704614704
C             1.6728672049573           2.5480514429890           0.2642305922912
C             2.0183601510409          -1.4087644552608          -1.7267765075429
C             2.0184423072777           1.4097434820250          -1.7258809203078
C             0.5152441337557          -2.2941854846600           2.3939135281581
C             2.9883590162383          -0.7846171361923          -0.7392206091602
C             2.9884688237391           0.7849272089819          -0.7387662433377
C             5.3991631587881           0.6662412525459          -0.0810459136841
C             5.3988157608374          -0.6663688431004          -0.0809837860548
C             6.2181203506103           1.5776461661984           0.7746559554544
H             6.7540171623841           2.2935242341551           0.1516035527693
H             5.5637645716455           2.1405207282658           1.4414106613152
H             6.9398240796329           1.0367493342343           1.3778072004509
C             6.2174157028576          -1.5781096002980           0.7746995981034
H             6.7538598710496          -2.2935386321156           0.1515967991356
H             6.9386048539922          -1.0374180169374           1.3786490923036
H             5.5627218614049          -2.1414787788788           1.4406985741088
C             4.4193897191024          -1.3235796797547          -1.0100093271840
H             4.6741771677835          -1.1130403199549          -2.0528491175222
H             4.4150152435170          -2.4057302320014          -0.8756469716573
C             4.4195488675425           1.3238578840877          -1.0096084135610
H             4.4153047218117           2.4059576563151          -0.8748219947811
H             4.6740418009636           1.1137115448247          -2.0526003122991

Number of optimization steps: 6
Mode     Frequencies     Reduced masses     Force Constants
           (cm^-1)            (AMU)           (mDyne/A)
0         54.1753          3.9488          0.0068
1         74.3905          3.5546          0.0116
2         99.1223          1.9096          0.0111
3        102.8686          1.0222          0.0064
4        109.9463          1.3452          0.0096
5        169.9833          4.3611          0.0742
6        188.8527          3.0598          0.0643
7        227.0663          6.7458          0.2049
8        243.0010         11.9694          0.4164
9        246.4232         11.6826          0.4180
10        254.8256         10.7202          0.4101
11        257.8139         11.9048          0.4662
12        299.3256          5.2236          0.2757
13        316.1203          3.8643          0.2275
14        321.0875          6.9057          0.4195
15        326.4521         11.5011          0.7222
16        329.3298          8.5522          0.5465
17        335.1749         11.9559          0.7914
18        336.6064         11.3136          0.7553
19        347.4685         11.4112          0.8117
20        366.7972          4.4321          0.3513
21        378.2222          5.7686          0.4862
22        383.8920         11.6056          1.0077
23        385.1020         11.4184          0.9977
24        392.1500         11.8873          1.0771
25        395.6876          4.2369          0.3908
26        400.4199          7.6642          0.7240
27        401.6909          5.5638          0.5289
28        414.3637         11.2016          1.1332
29        415.2615          9.3362          0.9486
30        419.1957          6.5604          0.6792
31        421.0064          5.8222          0.6080
32        438.6994          9.5668          1.0848
33        466.0822         11.4478          1.4652
34        469.7683          8.1851          1.0642
35        474.6439          5.2012          0.6904
36        477.8626         11.9113          1.6026
37        487.4808          9.7809          1.3694
38        493.6740          3.9625          0.5690
39        498.4257         11.9517          1.7494
40        502.1610         11.4596          1.7026
41        516.2906          8.3203          1.3067
42        518.9259          9.5594          1.5167
43        520.7328         11.2948          1.8045
44        522.6216         11.9312          1.9200
45        523.2984         11.8154          1.9063
46        528.1687         10.9140          1.7938
47        532.6536         11.2627          1.8827
48        534.2148         10.9959          1.8489
49        537.2182         10.9233          1.8574
50        541.9856         11.5224          1.9942
51        542.4008         11.2954          1.9579
52        543.3186         11.9564          2.0795
53        548.4343          9.6037          1.7019
54        553.4080         10.9746          1.9803
55        556.5338          9.4553          1.7255
56        557.5938         11.3847          2.0855
57        590.2502          7.0120          1.4393
58        595.2787         10.6139          2.2160
59        624.5719         11.4217          2.6251
60        628.6224         10.0298          2.3352
61        631.1533         10.8758          2.5526
62        638.8162         11.4193          2.7456
63        640.8836         11.2454          2.7213
64        643.5736         11.5852          2.8272
65        644.3242         10.9347          2.6746
66        657.6870         10.4158          2.6545
67        662.2668         10.9421          2.8276
68        667.2607         11.7858          3.0917
69        669.7681         11.7460          3.1045
70        670.6352         11.5399          3.0579
71        672.2696         11.6022          3.0894
72        674.1778         11.9977          3.2129
73        675.4800         11.2465          3.0234
74        689.4669         11.8960          3.3318
75        696.4438          9.1992          2.6289
76        696.8163         11.6909          3.3445
77        699.0740         11.7433          3.3813
78        702.6300         11.4716          3.3368
79        703.7023         11.9106          3.4751
80        704.5701         11.4594          3.3517
81        704.9156         11.9932          3.5112
82        707.3787         11.4135          3.3649
83        714.8808          8.8406          2.6620
84        716.3455         11.5396          3.4889
85        721.8336         10.7310          3.2943
86        722.0290         11.9381          3.6669
87        728.7896         10.9629          3.4307
88        733.1759         11.7926          3.7349
89        734.3267         11.9940          3.8106
90        735.5165         11.1664          3.5592
91        735.9270         11.9689          3.8192
92        736.5590         11.9411          3.8169
93        737.3205         11.2918          3.6168
94        752.4759          9.6620          3.2233
95        755.3472         10.7847          3.6254
96        757.7987         11.0188          3.7281
97        761.9217          6.2932          2.1525
98        782.0612          6.3665          2.2942
99        785.7019          8.9082          3.2401
100        796.7346          8.2703          3.0931
101        800.8069         11.4812          4.3380
102        809.4511          7.4483          2.8753
103        812.8745          9.7855          3.8096
104        813.5346         11.5850          4.5175
105        823.2276         11.5727          4.6209
106        891.1897          7.9671          3.7281
107        907.0720          2.2214          1.0769
108        926.4598          2.9979          1.5161
109        951.9805          6.7590          3.6090
110        958.2822          1.9226          1.0402
111        972.1011          3.3257          1.8517
112        990.4456          3.6886          2.1320
113        998.0841         10.2833          6.0356
114       1001.7273          8.7566          5.1770
115       1003.6159          1.9354          1.1485
116       1009.8617          3.2289          1.9401
117       1018.7760         11.2623          6.8871
118       1032.1109          1.5740          0.9879
119       1032.1421          2.4257          1.5225
120       1053.0116          3.2826          2.1445
121       1058.6379          7.7260          5.1015
122       1076.3594          2.8643          1.9552
123       1084.7106          3.6844          2.5542
124       1100.5892          8.4018          5.9961
125       1102.4549          6.4241          4.6003
126       1125.3141          9.8460          7.3461
127       1133.3115          9.4553          7.1553
128       1133.4548         11.5909          8.7736
129       1133.4961         11.9182          9.0220
130       1136.6957         11.4014          8.6795
131       1147.0900          2.9880          2.3165
132       1154.1665          4.7464          3.7252
133       1170.4520          6.2839          5.0721
134       1180.5886          8.0232          6.5886
135       1191.7656          3.9069          3.2694
136       1195.6688          3.2045          2.6992
137       1216.9949          6.0927          5.3167
138       1218.2840          4.7523          4.1558
139       1220.9876          4.7164          4.1427
140       1221.1821         11.7128         10.2914
141       1226.6418          8.0490          7.1355
142       1226.9635          3.5061          3.1099
143       1231.7816         11.4798         10.2625
144       1233.9800         11.6305         10.4343
145       1241.5459         11.5863         10.5225
146       1248.4329          2.5310          2.3242
147       1249.3899          6.9257          6.3695
148       1261.6418         11.5605         10.8417
149       1261.8818          3.5684          3.3478
150       1279.4236         10.8617         10.4755
151       1285.9762         11.9444         11.6381
152       1286.0606          3.6631          3.5696
153       1291.3473         11.9697         11.7603
154       1291.9904         11.9685         11.7709
155       1293.8876          2.2900          2.2588
156       1298.6282         11.7467         11.6718
157       1303.6092         11.8606         11.8755
158       1304.1017         11.7898         11.8135
159       1310.7438         10.8469         10.9797
160       1313.0818         11.9085         12.0974
161       1320.6112         11.8252         12.1509
162       1324.3156          2.1563          2.2281
163       1324.8140         11.9421         12.3493
164       1334.4077         11.7780         12.3565
165       1338.6888         11.7618         12.4189
166       1340.9861         11.8952         12.6029
167       1342.2179         11.9422         12.6759
168       1345.2909         11.9380         12.7296
169       1346.6065         11.9783         12.7975
170       1353.3569         11.7466         12.6761
171       1356.2684         11.9749         12.9782
172       1357.8832         11.9311         12.9615
173       1361.1275         11.8684         12.9551
174       1397.5721          1.3223          1.5217
175       1409.4923          1.2230          1.4315
176       1436.0320         11.9088         14.4692
177       1446.7317         11.9909         14.7869
178       1446.9901         11.9939         14.7960
179       1448.6953         11.9353         14.7584
180       1452.7532         11.9854         14.9034
181       1453.1842         11.8419         14.7337
182       1456.8725         11.9495         14.9432
183       1460.9988         11.9890         15.0776
184       1465.6279          1.0953          1.3862
185       1472.0586         11.9571         15.2661
186       1474.1813          1.0613          1.3589
187       1481.0182          8.1662         10.5534
188       1481.4794          1.1122          1.4382
189       1482.3454         11.9904         15.5233
190       1482.7858          1.0640          1.3783
191       1488.3766          1.0815          1.4116
192       1495.4315          1.0799          1.4229
193       1501.3493         11.8294         15.7100
194       1502.7510         11.9910         15.9544
195       1503.8697         11.9532         15.9277
196       1512.9905         11.9863         16.1662
197       1515.5162         11.9989         16.2373
198       1529.8297         11.9762         16.5141
199       1537.5546         11.9972         16.7105
200       1548.2485         11.9996         16.9473
201       1549.8490         11.9970         16.9786
202       1552.8607         11.9968         17.0444
203       1553.8875         11.9957         17.0654
204       1554.7471         11.9988         17.0886
205       1557.9405         11.9971         17.1565
206       1560.0256         11.9934         17.1971
207       1574.4652         11.9799         17.4972
208       1576.4128         11.9899         17.5552
209       1580.6098         11.9920         17.6520
210       1585.9606         11.9688         17.7372
211       1742.0813          8.6669         15.4971
212       2940.0249          1.0766          5.4827
213       2940.9729          1.0794          5.5008
214       2990.2874          1.0885          5.7347
215       2991.6756          1.0871          5.7323
216       2997.8150          1.0691          5.6607
217       2999.3364          1.0673          5.6570
218       3008.8692          1.0559          5.6323
219       3009.9824          1.0552          5.6326
220       3061.4836          1.0690          5.9034
221       3069.9559          1.0667          5.9233
