Optimized coordinates:
16

C            -1.4839223277587           0.0421971364609           0.1170079862985
C            -0.6590051415703           1.2909859646654           0.0528556231337
H            -2.3764843623737           0.1611560433114          -0.5029464802603
H            -1.8271269505425          -0.1018822449133           1.1475372630275
H            -1.2048878263241           2.2232608950215           0.1085745761848
C             0.6590048511282           1.2909860722111          -0.0528558834175
C             1.4839224360178           0.0421974545774          -0.1170073071779
H             1.2048873148960           2.2232611001549          -0.1085754808408
H             2.3764836626242           0.1611566397914           0.5029482798312
H             1.8271284385089          -0.1018816176864          -1.1475361730791
C            -0.6836074591922          -1.1755598059429          -0.3374760080786
C             0.6836075619483          -1.1755599876084           0.3374755319075
H            -0.5480583582319          -1.1367649208879          -1.4205049799006
H            -1.2276370040838          -2.0915104570450          -0.0980099558097
H             0.5480583323826          -1.1367660634715           1.4205045283670
H             1.2276372297033          -2.0915103804546           0.0980087664849

Number of optimization steps: 4
Mode     Frequencies     Reduced masses     Force Constants
           (cm^-1)            (AMU)           (mDyne/A)
0        147.3414          1.7806          0.0228
1        274.1762          1.9322          0.0856
2        374.3683          1.9935          0.1646
3        448.2701          2.5699          0.3043
4        474.9732          4.4695          0.5941
5        664.4361          1.4995          0.3900
6        741.2919          1.4459          0.4681
7        834.7816          1.3746          0.5644
8        889.3447          3.6967          1.7227
9        922.9723          1.2045          0.6045
10        946.9536          1.5344          0.8107
11        947.5441          1.9654          1.0397
12        971.0015          2.3170          1.2871
13        980.4131          2.6134          1.4800
14       1077.4823          1.6119          1.1026
15       1103.1487          1.5410          1.1049
16       1123.4318          1.9838          1.4752
17       1133.5177          1.1846          0.8968
18       1155.9552          1.0346          0.8145
19       1221.3248          1.2720          1.1179
20       1235.7601          1.2121          1.0905
21       1244.7956          1.2197          1.1135
22       1324.2866          1.2928          1.3358
23       1341.3040          1.5737          1.6681
24       1342.7309          1.7114          1.8180
25       1353.7454          1.5297          1.6517
26       1361.3136          1.6793          1.8335
27       1471.3398          1.0946          1.3961
28       1477.2754          1.0893          1.4007
29       1488.3045          1.0921          1.4252
30       1498.1179          1.1033          1.4589
31       1737.9693          7.9589         14.1640
32       2923.5342          1.0850          5.4637
33       2924.7165          1.0851          5.4688
34       2963.9460          1.0601          5.4872
35       2964.7021          1.0594          5.4864
36       2967.6902          1.0917          5.6648
37       2972.4729          1.0864          5.6556
38       2986.2817          1.0516          5.5255
39       2986.5887          1.0620          5.5811
40       3050.1010          1.0743          5.8886
41       3066.1651          1.0887          6.0304
