model loaded from ../ADL_main_model_C60_butadiene.npz
Optimized coordinates:
76

C            -1.5054706273184           3.4536925342973           0.3883601575021
C            -0.2446206189304           3.4929119063950          -0.3264261928839
C            -0.1848447992480           3.0777790174503          -1.6543352960528
C            -1.3827645360866           2.6067347166790          -2.3219461539475
C            -2.5933285020717           2.5695033705705          -1.6353511015668
C            -2.6559459355404           3.0016932168393          -0.2527181163117
C            -1.2331450144361           3.0549418880943           1.7555022076252
C             0.1961669444356           2.8478385861590           1.8858568177387
C             0.8079866830229           3.1180666216482           0.5989942558309
C             1.8791093788034           2.3434881943309           0.1610098396227
C             0.9291123447749           2.2697390007974          -2.1107627542039
C            -1.0090035658463           1.5082492621898          -3.1918876115989
C            -1.8603668711873           0.4165554363510          -3.3406901158283
C            -3.1211579635020           0.3781952277119          -2.6255770403941
C            -3.4802041117517           1.4327384778597          -1.7903322865326
C            -4.0911821447552           1.1625457612090          -0.5034197541181
C            -3.5817789185736           2.1322231091230           0.4468211196574
C            -3.3203891944999           1.7493889038402           1.7596236923466
C            -2.1223167341966           2.2201267276302           2.4271659672624
C             0.6791629541119           1.8133776125409           2.6831298540406
C            -0.2470621204787           0.9434483633708           3.3820740218295
C            -1.6192135511617           1.1427502274680           3.2568553645992
C            -2.5061045367937           0.0060525866920           3.1019474836901
C            -3.5576001305371           0.3809973680428           2.1766430792873
C            -4.0466630875419          -0.5500956910289           1.2642652107352
C            -4.3189093768244          -0.1513723200254          -0.1030198377904
C            -3.9449391952671          -1.2495947139496          -0.9728799786314
C            -3.3581664128957          -0.9901736956178          -2.2085273070422
C             0.4195329297728           1.2999607467121          -3.0620060646851
C            -0.3307687497266          -3.0400079355432          -1.7394657891802
C             0.5589974772747          -2.2052814637291          -2.4109035585453
C             1.7570086681493          -1.7355778618396          -1.7447752365681
C             2.0158279781679          -2.1157353839971          -0.4307299022737
C             1.0915899681996          -2.9865003272413           0.2682869485893
C            -1.3198180631175          -3.4770083258040           0.3428311389515
C            -2.3712411650574          -3.1019816690793          -0.5824140927852
C            -1.7600327263669          -2.8316681450512          -1.8691877909091
C            -2.2436872818631          -1.7973399923080          -2.6656900497787
C            -1.3179699801400          -0.9280140876227          -3.3653712703499
C             0.0543516007552          -1.1280132583655          -3.2404185680946
C             2.7418748846310           0.1670620966319           0.1200141714563
C             2.5174719521571          -1.1441392069968           0.5174074168446
C             1.9121060248319          -1.4159607274112           1.8037453261887
C             1.0277152493534          -2.5538050920192           1.6508468742131
C            -0.1824022075804          -2.5906783235321           2.3376610928050
C            -1.3804566468818          -3.0619610009259           1.6703796790805
C            -3.4414660368877          -2.3270146926117          -0.1433151096788
C            -3.5044596291075          -1.8947377624422           1.2392996517382
C            -2.4947930956625          -2.2547974779084           2.1277568546693
C            -1.9854953535294          -1.2850244929629           3.0778988607588
C            -0.5565112924859          -1.4928578779702           3.2078407207167
C             0.2950012753395          -0.4012744056372           3.3566874171663
C             1.5555614359692          -0.3624746278806           2.6426909803670
C             1.7935613824210           1.0066722703079           2.2261383618948
C             2.3799748209901           1.2659579864159           0.9902138621551
C             0.9402037092041           0.0081300300066          -3.0864264863404
C             1.9342676110081           1.9071038313938          -1.2192979692866
C            -0.0586985573666          -3.4385835420022          -0.3723978994051
C             1.9906437087500          -0.3673279192839          -2.1614102209007
C             2.4670874403507           0.5621932989705          -1.2443444877576
C             6.3095164980165           0.6802841850725          -0.0626932327468
C             5.8418516908321          -0.7142736489171          -0.2867520977590
C             7.5046602757551           0.8872314473035           0.8503656464531
H             7.8570881631233           1.9206128345140           0.8011184423676
H             7.2613252447506           0.6825674615224           1.8972883618240
H             8.3419106906580           0.2300099519416           0.5857632929390
C             5.7474702414350          -1.6297343063942           0.9206869729503
H             5.1843328738030          -2.5303060634501           0.6583964987823
H             6.7424993611249          -1.9577420244362           1.2470622355244
H             5.2660113314777          -1.1485425466257           1.7835833292360
C             5.5396265996071          -1.1833180771900          -1.5018589778205
H             5.6557045193842          -0.5891795521032          -2.3978466811766
H             5.1951264590109          -2.2040494932045          -1.6382496939193
C             5.6676510832945           1.7151839283002          -0.6160463329526
H             5.9404666143226           2.7527104881652          -0.4475347768167
H             4.8228502851606           1.5449796329852          -1.2633151930307

Number of optimization steps: 82
Mode     Frequencies     Reduced masses     Force Constants
           (cm^-1)            (AMU)           (mDyne/A)
0         28.7840          3.9002          0.0019
1         40.3730          5.9957          0.0058
2         47.7049          4.6864          0.0063
3         76.7418          3.7590          0.0130
4        124.1239          3.5791          0.0325
5        159.5210          2.5181          0.0378
6        188.5500          1.3770          0.0288
7        207.4904          2.5814          0.0655
8        260.1054         11.9918          0.4780
9        260.3327         11.9472          0.4771
10        261.0517         11.7592          0.4721
11        262.6240         11.3656          0.4619
12        268.4589         10.9884          0.4666
13        308.9255          1.8540          0.1042
14        340.1568         11.8437          0.8074
15        341.1559         11.4163          0.7829
16        344.6875         11.5991          0.8119
17        353.1495         11.2251          0.8248
18        353.5874         10.1771          0.7497
19        354.4020         10.1240          0.7492
20        354.9887          8.9238          0.6626
21        364.3043          2.7107          0.2120
22        371.4832          1.4331          0.1165
23        406.2037         11.9778          1.1644
24        406.5146         11.8886          1.1575
25        406.6167         11.8351          1.1529
26        406.7719         11.5437          1.1254
27        407.1482         11.8406          1.1565
28        421.4393          2.5290          0.2647
29        434.8717         11.7788          1.3124
30        435.0371         11.9095          1.3280
31        436.2328         11.7639          1.3190
32        436.3808         11.3504          1.2735
33        438.6317         10.4719          1.1871
34        484.5856         10.7036          1.4809
35        488.9366         11.7489          1.6548
36        489.2426         10.4009          1.4668
37        490.1687         11.8220          1.6735
38        490.6064         10.2530          1.4540
39        496.8848          2.6207          0.3812
40        523.0680         11.9298          1.9231
41        525.0978         11.9202          1.9365
42        526.0113         11.7720          1.9191
43        543.8561         11.9740          2.0867
44        544.0181         11.9443          2.0828
45        544.5548         11.9378          2.0857
46        546.9829         11.5973          2.0444
47        547.9710         11.6194          2.0556
48        563.4099          3.3793          0.6320
49        567.5019         11.7310          2.2260
50        570.3892         10.5758          2.0272
51        570.8919         11.6185          2.2310
52        577.6934         11.9584          2.3514
53        577.8434         11.9799          2.3568
54        579.6331         11.9026          2.3561
55        580.1621         11.9617          2.3721
56        580.6748         11.9655          2.3771
57        580.7097         11.9007          2.3645
58        583.7967         11.9502          2.3997
59        584.1319         11.8678          2.3859
60        584.5009         11.8460          2.3845
61        584.9390         11.8667          2.3922
62        611.8114          2.5852          0.5701
63        689.6639         11.9937          3.3611
64        690.4487         11.9931          3.3686
65        690.8272         11.9852          3.3700
66        691.1108         11.9323          3.3579
67        691.4577         11.9694          3.3717
68        694.2623         11.9831          3.4030
69        694.8037         11.9946          3.4116
70        695.1661         11.9534          3.4034
71        704.2808         11.9937          3.5051
72        704.8362         11.9897          3.5094
73        705.9647         11.8781          3.4879
74        706.7150         11.7132          3.4468
75        709.1839         11.6538          3.4533
76        721.9319         11.7893          3.6202
77        722.3288         11.7920          3.6250
78        722.9074         11.7581          3.6204
79        723.7229         11.4639          3.5378
80        725.0318          2.9146          0.9027
81        728.6710         11.7735          3.6831
82        729.1469         11.5283          3.6111
83        730.5275         11.8442          3.7242
84        732.1290         11.6228          3.6706
85        733.8286         11.1932          3.5513
86        735.6562         11.9876          3.8223
87        735.8597         11.9512          3.8129
88        736.2657         11.8932          3.7986
89        737.6962         10.7118          3.4345
90        741.8052         11.6665          3.7824
91        748.1977          6.3313          2.0882
92        754.3680          1.1975          0.4015
93        766.1156         11.5869          4.0069
94        772.7877         11.9589          4.2079
95        773.0945         11.8637          4.1777
96        773.1417         11.9731          4.2167
97        773.2983         11.9728          4.2183
98        783.3878         11.9244          4.3116
99        783.9608         11.9550          4.3290
100        786.2446         11.7752          4.2888
101        786.7817         11.5332          4.2064
102        790.1635         11.0601          4.0686
103        812.5325          1.4051          0.5466
104        813.8575          8.7549          3.4166
105        814.2443         10.8227          4.2276
106        814.7225          6.0868          2.3805
107        847.9037         11.9784          5.0739
108        849.3493         11.9759          5.0902
109        849.6372         11.9915          5.1003
110        905.3531          1.3832          0.6680
111        912.7029          1.4341          0.7039
112        931.2017          1.4998          0.7663
113        966.9435         11.9767          6.5977
114        988.0206         11.9917          6.8970
115        990.7022         11.9344          6.9014
116        991.9193         11.9675          6.9376
117        992.3872         11.8088          6.8520
118        993.5139         11.8736          6.9053
119        993.7421         10.7716          6.2673
120        994.7784         10.4902          6.1163
121       1000.8187          1.4958          0.8827
122       1009.5070          1.6070          0.9649
123       1044.1258          1.2597          0.8092
124       1091.6005          1.4238          0.9996
125       1097.6692          1.3828          0.9816
126       1130.3023         11.9932          9.0277
127       1130.5029         11.9843          9.0242
128       1131.1912         11.9039          8.9746
129       1133.0837         11.9850          9.0659
130       1140.3743         11.9819          9.1806
131       1140.9914         11.9733          9.1839
132       1141.8410         11.9912          9.2114
133       1143.4776         11.9925          9.2388
134       1146.2748         11.9638          9.2619
135       1230.9068         11.9972         10.7098
136       1231.0987         11.9951         10.7113
137       1232.7655          9.3310          8.3549
138       1233.0543          2.6166          2.3439
139       1234.4263          8.6931          7.8047
140       1236.3638         10.8731          9.7926
141       1237.7438         11.9075         10.7481
142       1253.3427         11.9973         11.1038
143       1253.7916         11.9942         11.1089
144       1254.1610         11.9976         11.1186
145       1254.6486         11.9810         11.1119
146       1255.2681         11.9943         11.1352
147       1290.0466         11.9919         11.7584
148       1290.6189         11.9960         11.7728
149       1291.1238         11.9953         11.7814
150       1291.9297         11.9945         11.7953
151       1292.5703         11.9943         11.8069
152       1318.0559         11.9972         12.2800
153       1319.6870         11.9914         12.3045
154       1320.2435         11.9856         12.3089
155       1346.9423         11.9970         12.8239
156       1347.2034         11.9889         12.8203
157       1347.6290         11.9964         12.8363
158       1347.8681         11.9981         12.8427
159       1351.4325         11.9930         12.9052
160       1351.7555         11.9882         12.9063
161       1352.2761         11.9866         12.9145
162       1353.1378         11.9931         12.9380
163       1363.7108          3.1409          3.4415
164       1378.1962         11.9966         13.4255
165       1378.3770         11.9968         13.4292
166       1378.8426         11.9869         13.4272
167       1379.2066         11.9807         13.4274
168       1379.8670         11.9637         13.4212
169       1386.5061         11.9920         13.5827
170       1387.5499         11.9779         13.5872
171       1388.2424         11.9626         13.5833
172       1453.4258          1.2922          1.6083
173       1468.6685          1.2208          1.5514
174       1471.6854         11.9528         15.2528
175       1471.9444         11.7303         14.9741
176       1472.2938         11.8428         15.1250
177       1473.1837         11.2603         14.3984
178       1473.9771         11.9367         15.2797
179       1479.4291         11.6834         15.0663
180       1479.5051         10.7756         13.8971
181       1480.0468         11.3781         14.6849
182       1480.6327         11.4558         14.7968
183       1481.7123          1.2783          1.6536
184       1482.0922         10.9656         14.1917
185       1483.4486          5.9691          7.7393
186       1488.0968          1.2442          1.6233
187       1491.1792          5.1190          6.7065
188       1493.2690          1.1387          1.4961
189       1518.9972          1.3128          1.7847
190       1521.0045          8.5963         11.7171
191       1528.2317          1.0608          1.4596
192       1552.3771         11.8568         16.8349
193       1553.0446         10.8792         15.4602
194       1553.7319         10.8851         15.4823
195       1554.0215          7.1663         10.1967
196       1554.6808          1.2053          1.7165
197       1580.8115         11.9888         17.6517
198       1581.8402         11.9837         17.6672
199       1582.2058         11.9679         17.6520
200       1615.4527         11.9983         18.4483
201       1615.5620         11.9960         18.4473
202       1615.8316         11.9944         18.4511
203       1616.4168         11.9975         18.4692
204       1617.1499         11.9984         18.4873
205       1623.5097         11.9969         18.6307
206       1623.7094         11.9974         18.6360
207       1624.4613         11.9928         18.6462
208       1625.2044         11.9927         18.6631
209       1627.4949         11.9937         18.7172
210       1709.8262          4.1335          7.1198
211       1736.7995          4.0620          7.2192
212       3018.1165          1.0469          5.6186
213       3067.1113          1.0882          6.0311
214       3078.5177          1.0546          5.8890
215       3092.0602          1.1018          6.2064
216       3115.1267          1.0915          6.2407
217       3139.6678          1.0987          6.3812
218       3191.2065          1.0603          6.3619
219       3257.3896          1.0683          6.6788
220       3273.5122          1.1179          7.0578
221       3338.2954          1.0996          7.2201
