Optimized coordinates:
16

C             0.9556589927832           1.4875414300493          -0.6245637148053
C             1.4962030838335           0.8247158694447           0.3912395323985
H             0.4429130413417           0.9858609061611          -1.4274392312462
H             0.9932840015206           2.5620821021625          -0.6819248025555
H             1.9706053835484           1.3776524909017           1.1928774273562
C             1.4943180335986          -0.6207162071954           0.5572441913541
C             1.2997194291217          -1.5100086097814          -0.4097519791415
H             1.6875104432024          -0.9679822383717           1.5648547852682
H             1.3123402413103          -2.5690284596343          -0.2149841518032
H             1.1343670468049          -1.2155197574991          -1.4323671731664
C            -2.5140523163289           0.5518167099849           0.2669740508340
C            -2.3637686173017          -0.7097934042615          -0.0777452064784
H            -3.4789851587241           1.0325898315133           0.2723597957865
H            -1.6755469601944           1.1629827804655           0.5585138599150
H            -1.3961127137173          -1.1847988063923          -0.0807741246315
H            -3.1988469593314          -1.3251735787467          -0.3714976298936

Number of optimization steps: 29
Mode     Frequencies     Reduced masses     Force Constants
           (cm^-1)            (AMU)           (mDyne/A)
0         14.6249          2.8044          0.0004
1         27.5173          1.8917          0.0008
2         27.8754          2.9057          0.0013
3         58.2300          2.3410          0.0047
4         67.1490          2.7188          0.0072
5         91.4692          1.2857          0.0063
6        114.5275          1.5536          0.0120
7        291.2275          2.6379          0.1318
8        461.6481          1.2936          0.1624
9        568.0107          1.9069          0.3625
10        736.1221          1.9146          0.6112
11        844.3770          1.0439          0.4385
12        875.8110          1.5139          0.6842
13        886.4349          1.2797          0.5925
14        896.2561          1.3468          0.6374
15        904.8110          1.6892          0.8148
16       1011.3047          1.0820          0.6520
17       1019.1176          1.1069          0.6773
18       1025.4332          1.1569          0.7167
19       1039.6216          1.0094          0.6428
20       1066.3054          1.6219          1.0865
21       1074.2049          1.6878          1.1475
22       1186.9434          1.5487          1.2855
23       1281.6936          1.1750          1.1372
24       1327.0163          1.2932          1.3418
25       1390.7725          1.1175          1.2735
26       1393.7858          1.0795          1.2356
27       1417.0267          1.1146          1.3186
28       1427.4610          1.1876          1.4258
29       1654.4228          6.8956         11.1203
30       1689.2865          5.6619          9.5196
31       1704.4196          5.0752          8.6867
32       3043.7393          1.0763          5.8747
33       3054.0768          1.0830          5.9519
34       3092.7933          1.0572          5.9580
35       3094.7110          1.0522          5.9373
36       3103.6670          1.0925          6.2004
37       3106.4826          1.0569          6.0095
38       3108.8858          1.0524          5.9932
39       3128.3401          1.1096          6.3981
40       3129.2058          1.1148          6.4313
41       3133.5779          1.1085          6.4133
