model loaded from ../AL_main_model_C60_butadiene.npz
Optimized coordinates:
76

C            -2.0813756797537           2.9275351413371          -1.4817279709161
C            -0.7334188159054           2.9074356069902          -2.0156452334952
C            -0.3646791973089           1.9314925346228          -2.9384750412862
C            -1.3268433806963           0.9340612974360          -3.3625782867920
C            -2.6216466946962           0.9528044646504          -2.8494735718703
C            -3.0064188564730           1.9694883601832          -1.8902972416054
C            -2.0046986246623           3.3124412873838          -0.0860437380435
C            -0.6094030409994           3.5304956881990           0.2427075413410
C             0.1754295476617           3.2801065409738          -0.9496033673964
C             1.4186333199378           2.6610057965603          -0.8471314110612
C             0.9301772118976           1.2879825538794          -2.8333441867341
C            -0.6270939956883          -0.3261326939230          -3.5185035047766
C            -1.2488149906919          -1.5181878436370          -3.1549425120887
C            -2.5968403641811          -1.4986398759729          -2.6215198994453
C            -3.2693466585545          -0.2879485334195          -2.4716592189882
C            -4.0551329735243          -0.0379348119641          -1.2792026586468
C            -3.8925712498567           1.3572019581209          -0.9198544100712
C            -3.8189919517142           1.7270543792621           0.4211114416377
C            -2.8562398152342           2.7242318349406           0.8463186517174
C            -0.1209894091318           3.1530541443398           1.4911954547438
C            -1.0070822578753           2.5402815974642           2.4612326642357
C            -2.3474858466160           2.3303443983416           2.1454605512389
C            -2.9954078052622           1.0895901031907           2.5230309465200
C            -3.9050191401733           0.7167997054223           1.4573917315859
C            -4.0613500363035          -0.6236747540860           1.1121390875430
C            -4.1378984864618          -1.0085960086696          -0.2835244291118
C            -3.4383441030956          -2.2688147990507          -0.4397817701342
C            -2.6829843544942          -2.5087810979838          -1.5853746226033
C             0.7675015656720          -0.1081858383892          -3.1921684137946
C             0.4947742225722          -3.3138310896201           0.0979019697130
C             1.3480518635590          -2.7269118297388          -0.8352682826260
C             2.3077927115760          -1.7295002427652          -0.4082390225793
C             2.3782440355421          -1.3588326468255           0.9295382976373
C             1.4965761156855          -1.9716583054074           1.9030318640934
C            -0.7765466291840          -2.9094693032296           2.0274737785142
C            -1.6859013215422          -3.2818150548378           0.9617504659202
C            -0.8998732629536          -3.5316546913834          -0.2307432032927
C            -1.3882773963390          -3.1524509521797          -1.4787682572363
C            -0.5019786764160          -2.5398399312957          -2.4482710265218
C             0.8392688857773          -2.3314565721401          -2.1342084733751
C             2.6239586654348           1.0072653150456           0.2946232881795
C             2.5355881246563           0.0375589208041           1.2867587188856
C             1.7565868951158           0.2873812328937           2.4818830502555
C             1.1121378185194          -0.9541484688544           2.8609968769079
C            -0.1832220434105          -0.9348598627442           3.3733181528737
C            -1.1459371416545          -1.9318805373939           2.9485996023019
C            -2.9296281147345          -2.6628902297449           0.8593779958658
C            -3.3145344539842          -1.6460735755277           1.8184789581601
C            -2.4405138072992          -1.2878886609996           2.8423012263977
C            -2.2777224399751           0.1072334904063           3.2015436617565
C            -0.8824754990027           0.3255027198899           3.5296898381850
C            -0.2605525610360           1.5184028050204           3.1677123885414
C             1.0871923218026           1.4992820403518           2.6346828356781
C             1.1735308713883           2.5091359638007           1.5972380158446
C             1.9257142696154           2.2664375940078           0.4508486846241
C             1.4857687852361          -1.0912686361944          -2.5124123688901
C             1.8013773995359           1.6449721061312          -1.8078034185881
C             0.5711414940757          -2.9297973543438           1.4936792760140
C             2.3925511331694          -0.7162063033904          -1.4458706996305
C             2.5434522250716           0.6213485090535          -1.1022201358106
C             5.8933742958966           0.7593315926271          -0.1878740097853
C             5.9097418713293          -0.7452109718990          -0.1806478740021
C             6.1708335969224           1.4748012957520           1.1146997610507
H             6.1495000188578           2.5610307079894           0.9862156820227
H             5.4195941387370           1.2154168600467           1.8720819872304
H             7.1523489228805           1.2124202387827           1.5273123614007
C             6.2002399671395          -1.4452486010102           1.1272395260913
H             6.1847007677173          -2.5322034094990           0.9994131209276
H             7.1849824243907          -1.1810303075694           1.5369457497570
H             5.4568158592502          -1.1964830663228           1.8988556974355
C             5.6332677447395          -1.5061928037255          -1.2575267703181
H             5.4068505366182          -1.0920019430424          -2.2337465754206
H             5.6515062481867          -2.5891731143565          -1.1889396178836
C             5.5986825196260           1.4908933390956          -1.2748551634917
H             5.5648875268226           2.5759637151984          -1.2296925188611
H             5.3827231429031           1.0442317037757          -2.2388225408890

Number of optimization steps: 35
Mode     Frequencies     Reduced masses     Force Constants
           (cm^-1)            (AMU)           (mDyne/A)
0         24.1820          4.6502          0.0016
1         29.2130          4.4235          0.0022
2         43.5023          5.9231          0.0066
3         98.9790          3.7328          0.0215
4        124.0397          3.0141          0.0273
5        155.3953          3.8077          0.0542
6        196.4786          3.2915          0.0749
7        206.2092          1.0523          0.0264
8        257.0457         11.9035          0.4634
9        257.2351         11.8209          0.4609
10        257.7465         11.7978          0.4618
11        258.4414         11.3044          0.4449
12        267.2848         10.7996          0.4546
13        295.6436          1.0792          0.0556
14        344.3872          2.4502          0.1712
15        356.9006         11.9683          0.8982
16        357.2090         11.9538          0.8987
17        357.5678         11.9267          0.8984
18        359.9979         11.9657          0.9137
19        360.1003         11.9069          0.9097
20        361.0835         11.9268          0.9162
21        361.4843         11.9649          0.9212
22        361.7748         11.9845          0.9242
23        363.3619         11.9150          0.9269
24        368.9544         11.8586          0.9511
25        370.7005         11.9091          0.9642
26        372.1639         11.9266          0.9733
27        437.8130          4.0360          0.4558
28        444.5329         10.8003          1.2575
29        446.1256         11.9300          1.3990
30        446.3818          8.2027          0.9630
31        447.3590         11.3091          1.3335
32        449.2716         11.1389          1.3247
33        471.7169          2.5697          0.3369
34        477.6612         11.8050          1.5869
35        478.7105          9.3364          1.2606
36        480.2350         11.4091          1.5503
37        480.5812          6.8812          0.9364
38        482.6533          3.7783          0.5186
39        501.1360          2.3590          0.3490
40        522.8898         11.9571          1.9262
41        525.5407         11.9494          1.9445
42        527.0943         11.9354          1.9537
43        527.7147         11.9769          1.9651
44        528.7922         11.9644          1.9711
45        529.4436         11.8653          1.9596
46        536.3792         11.9630          2.0278
47        536.8601         11.8330          2.0094
48        539.6423         11.6258          1.9947
49        553.9349         11.9950          2.1685
50        555.4192         11.9928          2.1798
51        555.7810         11.9906          2.1822
52        558.3364         11.9884          2.2019
53        558.9991         11.9903          2.2075
54        559.1122         11.9833          2.2071
55        559.8165         11.8594          2.1898
56        568.7285         11.6409          2.2184
57        569.7897         11.9372          2.2834
58        572.1811         11.1517          2.1511
59        606.5852         11.5810          2.5106
60        607.8896         11.7568          2.5597
61        609.5805         11.8645          2.5975
62        628.1950          2.1436          0.4984
63        646.7233          1.0723          0.2642
64        682.0861         11.6313          3.1883
65        682.7675         11.8076          3.2431
66        683.4393         11.7919          3.2451
67        683.7903         11.7840          3.2463
68        684.1393         11.7449          3.2388
69        691.0436          1.3338          0.3753
70        713.4305          9.8766          2.9618
71        714.9405          9.4526          2.8467
72        719.3061         11.9028          3.6285
73        720.4409         11.7953          3.6071
74        721.5155         11.4879          3.5236
75        730.9170         11.4265          3.5967
76        731.4245         11.7664          3.7088
77        735.1561         11.4074          3.6324
78        737.8380         11.7393          3.7654
79        739.5870         11.9454          3.8497
80        740.0372         11.3769          3.6710
81        741.2180         11.9547          3.8697
82        742.5682         11.7423          3.8148
83        758.1894          3.6495          1.2361
84        760.4533          8.3229          2.8358
85        763.4547         11.2256          3.8550
86        764.2201         11.8616          4.0816
87        766.0374         11.9133          4.1189
88        766.9445         11.9582          4.1442
89        767.6191         11.9308          4.1420
90        767.9135         11.9880          4.1651
91        768.1419         11.8326          4.1135
92        772.9554         11.9092          4.1922
93        773.7389         11.8761          4.1890
94        774.6245         11.9161          4.2128
95        777.2287         11.9687          4.2599
96        778.6904         11.9834          4.2812
97        779.7873         11.9654          4.2868
98        780.1243         11.8587          4.2522
99        785.0999         11.9785          4.3501
100        785.8377         11.9944          4.3641
101        786.0814         11.9080          4.3354
102        787.8832         11.9320          4.3640
103        788.7301         11.9740          4.3888
104        821.1951         11.9857          4.7622
105        821.9712         11.9778          4.7680
106        822.9566         11.9886          4.7838
107        841.7492         11.9904          5.0055
108        843.7902         11.9668          5.0199
109        843.8140         11.9875          5.0289
110        960.3179          1.2666          0.6882
111        961.5408          1.8918          1.0305
112        970.0870         11.6982          6.4862
113        972.1091          4.9833          2.7746
114        972.5665          8.1658          4.5508
115        974.0879          3.9671          2.2178
116        975.3578          2.4918          1.3967
117        976.6724         11.4412          6.4301
118        994.6263         11.7031          6.8213
119        994.7234         11.9013          6.9382
120        997.8739         11.5465          6.7741
121       1010.4718          1.3628          0.8198
122       1024.2729          1.6496          1.0197
123       1054.3425          1.3925          0.9120
124       1061.5760          1.3267          0.8809
125       1107.9549          1.5084          1.0909
126       1119.1077         11.9649          8.8288
127       1121.5080         11.7225          8.6871
128       1122.8358         11.9969          8.9115
129       1124.3187         11.9534          8.9027
130       1124.4415         11.8740          8.8455
131       1125.4151         11.7151          8.7422
132       1128.5256         11.9903          8.9971
133       1129.2137         11.9043          8.9435
134       1131.5127         11.9824          9.0388
135       1206.2493         11.9809         10.2710
136       1208.0623         11.9945         10.3136
137       1210.2059         11.9962         10.3517
138       1217.8444         11.9940         10.4809
139       1218.4399         11.9908         10.4883
140       1220.2124         11.9886         10.5169
141       1242.6074         11.9387         10.8611
142       1244.0391         11.9951         10.9376
143       1244.9011         11.9953         10.9530
144       1245.1659         11.9606         10.9259
145       1245.8400         11.9940         10.9683
146       1260.7380          2.1929          2.0536
147       1264.0074         11.9551         11.2539
148       1264.8824         11.8115         11.1341
149       1266.4733         11.9671         11.3092
150       1267.0379         11.9825         11.3338
151       1268.8515         11.9745         11.3587
152       1308.8575         11.9934         12.1054
153       1309.6765         11.9908         12.1179
154       1310.7851         11.9949         12.1425
155       1312.4314         11.9978         12.1760
156       1312.7662         11.9946         12.1790
157       1314.0548         11.9903         12.1986
158       1315.4447         11.9958         12.2300
159       1331.6738         11.9748         12.5116
160       1332.1860         11.9858         12.5328
161       1332.3179         11.9892         12.5388
162       1335.2965         11.9959         12.6020
163       1350.1370          3.3821          3.6324
164       1363.5738         11.9890         13.1338
165       1364.6686         11.9666         13.1303
166       1365.3242         11.9851         13.1632
167       1365.9067         11.9862         13.1757
168       1367.2391         11.9892         13.2047
169       1373.2007         11.9948         13.3263
170       1375.2033         11.9789         13.3475
171       1375.5919         11.9945         13.3725
172       1436.2834          1.2159          1.4778
173       1445.7198         11.9072         14.6632
174       1446.7346         11.6218         14.3319
175       1448.3923         10.2115         12.6215
176       1449.1503         11.9727         14.8139
177       1450.9474         11.9320         14.8001
178       1455.1970          1.2652          1.5786
179       1460.9075         10.7061         13.4625
180       1461.8115         11.8033         14.8606
181       1466.2082         11.9197         15.0975
182       1472.2086         10.8377         13.8397
183       1473.1063         11.6787         14.9319
184       1475.5345         11.7812         15.1126
185       1478.0395          9.0704         11.6748
186       1481.3976          1.3121          1.6965
187       1488.1649         11.8358         15.4436
188       1493.1021          1.2399          1.6286
189       1509.8682          1.0545          1.4163
190       1518.0771          1.0666          1.4482
191       1523.4782          1.0465          1.4311
192       1537.8953          1.1045          1.5391
193       1547.9912         11.1814         15.7864
194       1548.1547         11.9855         16.9253
195       1549.4639         11.9559         16.9120
196       1551.7179         11.9733         16.9859
197       1577.0920         11.9837         17.5612
198       1577.7797         11.9637         17.5472
199       1578.2379         11.9796         17.5808
200       1584.5031         11.9933         17.7409
201       1585.1651         11.9876         17.7473
202       1586.5785         11.9884         17.7801
203       1587.7173         11.9888         17.8063
204       1588.7915         11.9856         17.8255
205       1595.9023         11.9867         17.9872
206       1596.5949         11.9937         18.0132
207       1597.5672         11.9766         18.0096
208       1602.9170         11.9695         18.1196
209       1613.2332         11.9292         18.2918
210       1660.7388          3.7290          6.0596
211       1703.6353          4.8599          8.3105
212       2910.8326          1.0819          5.4011
213       2920.1744          1.0756          5.4040
214       2939.1191          1.0802          5.4980
215       2954.4540          1.0798          5.5531
216       3094.6631          1.0822          6.1066
217       3104.1021          1.0831          6.1491
218       3108.6658          1.0824          6.1630
219       3191.0281          1.0699          6.4188
220       3363.9009          1.0930          7.2870
221       3398.2552          1.0994          7.4804
