model loaded from ../da_energy_iteration37.npz
Optimized coordinates:
16

C             0.4422149429735          -1.4351487352815           0.4878091476611
C             1.3238986545856          -0.7040738671733          -0.2862057222919
H             0.1115143028885          -1.0609195251372           1.4492351218208
H             0.3842851546698          -2.5148509663980           0.3788751115963
H             1.8772753979546          -1.2142162074539          -1.0741797042025
C             1.3239709062507           0.7039465731820          -0.2862140172738
C             0.4423786987982           1.4351282086097           0.4878019084904
H             1.8773947904380           1.2140202436705          -1.0741996779011
H             0.3845624126201           2.5148339291297           0.3788438083232
H             0.1116523059454           1.0609642848407           1.4492453749859
C            -1.5730314554900          -0.6931163557621          -0.2291047325075
C            -1.5729790675986           0.6932443829746          -0.2291072368196
H            -2.0623328230544          -1.2377561585128           0.5742670465361
H            -1.4704662630499          -1.2352596603459          -1.1631095309686
H            -1.4703631168641           1.2353762624567          -1.1631133272865
H            -2.0622382386622           1.2379265584591           0.5742596935457

Number of optimization steps: 3
Mode     Frequencies     Reduced masses     Force Constants
           (cm^-1)            (AMU)           (mDyne/A)
0       -548.9057          7.9179          1.4056
1         98.0191          3.5463          0.0201
2        182.2639          2.3513          0.0460
3        272.7325          2.8631          0.1255
4        394.6565          2.6382          0.2421
5        402.6565          3.0740          0.2936
6        496.7323          2.7514          0.4000
7        552.1971          1.9386          0.3483
8        653.2409          1.0969          0.2758
9        678.5557          1.1728          0.3182
10        777.9114          1.1202          0.3994
11        791.6349          1.3847          0.5113
12        867.6611          1.0255          0.4549
13        899.5281          1.1476          0.5471
14        913.2064          1.1814          0.5805
15        951.9547          1.0871          0.5805
16        960.0705          1.5741          0.8548
17        999.8556          1.2527          0.7378
18       1014.5900          1.2101          0.7339
19       1029.4659          1.2233          0.7639
20       1092.8319          1.5415          1.0846
21       1109.6775          1.6088          1.1672
22       1231.4131          2.2296          1.9920
23       1243.1117          1.4092          1.2830
24       1266.2293          1.4507          1.3704
25       1302.4684          1.5027          1.5020
26       1441.0469          1.2219          1.4950
27       1502.5954          1.1089          1.4752
28       1507.3694          1.5379          2.0589
29       1541.5568          1.3102          1.8344
30       1587.4388          2.4772          3.6780
31       1609.9358          2.3269          3.5534
32       3096.0467          1.0604          5.9887
33       3105.7933          1.0640          6.0472
34       3122.2823          1.0857          6.2360
35       3129.3958          1.0943          6.3140
36       3147.1111          1.0482          6.1164
37       3161.8011          1.0606          6.2470
38       3195.5358          1.1113          6.6858
39       3198.1405          1.1127          6.7053
40       3223.7894          1.1165          6.8368
41       3249.8366          1.1184          6.9597
