Optimized coordinates:
16

C            -0.4469462851000           1.4369909139000           0.4897911668000
C            -1.3226688443000           0.7035760455000          -0.2900073081000
H            -0.1263963600000           1.0677220723000           1.4572149593000
H            -0.3940301454000           2.5173827827000           0.3794962736000
H            -1.8702019882000           1.2135055885000          -1.0813736421000
C            -1.3226339182000          -0.7036323318000          -0.2899995331000
C            -0.4468715762000          -1.4369950256000           0.4898072528000
H            -1.8701411880000          -1.2135979972000          -1.0813601507000
H            -0.3939113497000          -2.5173869736000           0.3795302585000
H            -0.1263372657000          -1.0677142744000           1.4572317989000
C             1.5764295952000           0.6930607322000          -0.2273725904000
C             1.5764419034000          -0.6930070546000          -0.2274004653000
H             2.0755183568000           1.2357474886000           0.5703825606000
H             1.4737086989000           1.2360380846000          -1.1601517261000
H             1.4737253880000          -1.2359460623000          -1.1602027410000
H             2.0755606047000          -1.2357103873000           0.5703212716000

Number of optimization steps: 2
Mode     Frequencies     Reduced masses     Force Constants
           (cm^-1)            (AMU)           (mDyne/A)
0       -526.8482          8.2217          1.3446
1        136.1042          2.2120          0.0241
2        201.4912          3.8194          0.0914
3        283.8770          2.7346          0.1298
4        375.1509          2.5515          0.2116
5        405.1983          2.9199          0.2825
6        491.0340          2.5058          0.3560
7        590.0546          1.9945          0.4091
8        626.8137          1.0931          0.2530
9        696.0434          1.2105          0.3455
10        782.3314          1.5038          0.5423
11        814.9754          1.1189          0.4379
12        856.6218          1.0294          0.4450
13        911.3022          1.1524          0.5639
14        949.9842          1.3723          0.7297
15        971.3761          1.2904          0.7174
16        984.0359          1.3075          0.7460
17        994.3483          1.1409          0.6646
18       1012.2827          1.1871          0.7167
19       1016.8684          1.1260          0.6860
20       1110.0626          1.6472          1.1959
21       1114.4083          1.5288          1.1187
22       1255.9615          1.4096          1.3101
23       1260.3029          1.7982          1.6828
24       1280.9976          1.4687          1.4200
25       1326.6275          1.5005          1.5559
26       1454.2433          1.2165          1.5158
27       1492.8287          1.1082          1.4551
28       1513.9653          1.6248          2.1942
29       1567.6790          1.4395          2.0844
30       1612.9553          2.4756          3.7947
31       1616.7564          2.3699          3.6497
32       3152.4154          1.0816          6.3327
33       3161.9164          1.0534          6.2048
34       3162.8092          1.0647          6.2754
35       3170.0770          1.0617          6.2864
36       3174.0781          1.0664          6.3301
37       3177.1098          1.0830          6.4410
38       3238.6165          1.1144          6.8868
39       3244.4304          1.1143          6.9111
40       3246.7911          1.1140          6.9191
41       3262.9077          1.1168          7.0054
