model loaded from ../AL_main_model_C60_butadiene.npz
Optimized coordinates:
76

C            -1.9300731407952           2.3000211128025          -2.3910119716713
C            -0.5087446616368           2.3019067687997          -2.6710932138723
C             0.1045618028012           1.1722233120891          -3.2128771389676
C            -0.6924720355788          -0.0000003160167          -3.5106430308444
C            -2.0617194724943          -0.0000003604358          -3.2517975038427
C            -2.6930481665179           1.1717519326488          -2.6766603995535
C            -2.1434866479148           3.0258618354970          -1.1535390607391
C            -0.8512768275320           3.4720614020120          -0.6697194111778
C             0.1532813539854           3.0175788989462          -1.6113387072139
C             1.3879605883629           2.5620509506055          -1.1426490461680
C             1.3954772519817           0.7376032207767          -2.7318180744610
C             0.1045617871116          -1.1722238510307          -3.2128769161047
C            -0.5087446345106          -2.3019074677508          -2.6710928259161
C            -1.9300730370553          -2.3000219122220          -2.3910116296445
C            -2.6930479457833          -1.1717523962646          -2.6766600405232
C            -3.7039905197718          -0.7244790401652          -1.7388353297721
C            -3.7039907661175           0.7244786150941          -1.7388354631083
C            -3.9095066041331           1.4209696932613          -0.5496076396002
C            -3.1132590676329           2.5949202229041          -0.2507283550991
C            -0.5810599332010           3.4728828196993           0.6958463933887
C            -1.5903725169756           3.0260689300108           1.6363453595244
C            -2.8311044261598           2.5949071111141           1.1719654327554
C            -3.4529255711755           1.4209365039884           1.7521646341843
C            -4.1204560095136           0.6963441764154           0.6884134308570
C            -4.1204555566623          -0.6963440547110           0.6884135804930
C            -3.9095066105415          -1.4209698877386          -0.5496073613440
C            -3.1132590129922          -2.5949204588234          -0.2507277943840
C            -2.1434866466448          -3.0258621136759          -1.1535384251507
C             1.3954772841350          -0.7376037490442          -2.7318179204202
C             0.7066112288776          -3.0175004219061           1.1822629842233
C             1.6680527367930          -2.5610442399149           0.2783452112221
C             2.4796083947490          -1.4176738350011           0.5723548889705
C             2.2873728094572          -0.7383637788662           1.7476388666924
C             1.2746256411766          -1.1717776121017           2.6821352171424
C            -0.9200995285236          -2.2995107099306           2.6980481693031
C            -1.5903724141956          -3.0260687475547           1.6363460943679
C            -0.5810597978894          -3.4728827847239           0.6958472205710
C            -0.8512768033867          -3.4720617884680          -0.6697187146991
C             0.1532814216603          -3.0175792805566          -1.6113382034234
C             1.3879606974834          -2.5620511086464          -1.1426484660220
C             2.4796082499068           1.4176740967100           0.5723545270625
C             2.2873727272273           0.7383642857878           1.7476386795420
C             1.2746256288727           1.1717782249614           2.6821350031230
C             0.6510017879375           0.0000003318280           3.2615992391065
C            -0.7135623912176           0.0000003499047           3.5446356118333
C            -1.5165928454551          -1.1716844824096           3.2538976821873
C            -2.8311042073895          -2.5949068359462           1.1719659991062
C            -3.4529255597950          -1.4209361437420           1.7521650261046
C            -2.8089542116854          -0.7244475413293           2.7728728545048
C            -2.8089541569886           0.7244480568527           2.7728726392212
C            -1.5165929511916           1.1716851573577           3.2538974742974
C            -0.9200995305392           2.2995113334331           2.6980476060072
C             0.5003952014981           2.3014991092611           2.4140320408249
C             0.7066111193771           3.0175005370238           1.1822623493329
C             1.6680527711789           2.5610444480038           0.2783446995527
C             2.0294710733952          -1.4209128114007          -1.7243594864065
C             2.0294710361686           1.4209125186762          -1.7243598013680
C             0.5003952620408          -2.3014984539731           2.4140324586649
C             3.0091828857358          -0.7989136105633          -0.7272566440681
C             3.0091827795881           0.7989135451935          -0.7272567705229
C             5.4658291779214           0.6716514149002          -0.0757354668814
C             5.4658294696404          -0.6716512860556          -0.0757352878746
C             6.3480880467322           1.5707015594798           0.7509408681359
H             6.9480766331497           2.2241246232696           0.1041003683093
H             5.7380523056671           2.2317684764837           1.3805235436407
H             7.0315540389580           1.0173167785975           1.4009471763276
C             6.3480885861283          -1.5707013348710           0.7509408840387
H             6.9480769963012          -2.2241245321950           0.1041002989718
H             7.0315544677969          -1.0173165938538           1.4009468732493
H             5.7380530406721          -2.2317684566861           1.3805238151748
C             4.4596960570631          -1.3330526763003          -0.9896551833840
H             4.7052422313860          -1.1439379561023          -2.0430880440014
H             4.4557441330304          -2.4190870278444          -0.8561517909942
C             4.4596959324033           1.3330525752481          -0.9896554609084
H             4.4557441529804           2.4190872324920          -0.8561523482739
H             4.7052425093083           1.1439377009531          -2.0430881796269

Number of optimization steps: 8
Mode     Frequencies     Reduced masses     Force Constants
           (cm^-1)            (AMU)           (mDyne/A)
0         48.1900          3.6154          0.0049
1         73.2828          3.3673          0.0107
2         95.4999          3.4480          0.0185
3        148.2079          1.0221          0.0132
4        169.3951          4.3763          0.0740
5        181.8020          1.8774          0.0366
6        210.3393          1.3234          0.0345
7        221.7082          6.6653          0.1930
8        245.7102         11.9067          0.4235
9        250.0649         11.7417          0.4326
10        253.0061         10.1940          0.3845
11        257.4094         11.8611          0.4630
12        309.1164          7.2149          0.4062
13        329.3905          6.1332          0.3921
14        331.2731          7.9024          0.5110
15        349.7019          8.9236          0.6430
16        353.0854         11.3234          0.8317
17        355.4935         11.9956          0.8932
18        359.9549         11.9484          0.9121
19        360.1311          3.5549          0.2716
20        361.7571         10.9035          0.8407
21        366.0025         11.4250          0.9017
22        369.5234          8.9161          0.7173
23        371.4325         11.6817          0.9495
24        379.1783          8.8139          0.7466
25        387.7107          5.3257          0.4717
26        409.2573          7.8052          0.7702
27        423.9032          2.9106          0.3082
28        438.8901         11.0057          1.2490
29        440.1676          9.3948          1.0724
30        445.6396          7.4466          0.8713
31        447.4708          7.7758          0.9173
32        453.5297         10.3692          1.2566
33        464.3001         11.2303          1.4264
34        476.2198         11.8373          1.5817
35        476.8955          9.3666          1.2551
36        489.8277         11.1708          1.5791
37        502.4576          8.1733          1.2158
38        508.4084          5.1615          0.7860
39        520.7730         11.8771          1.8978
40        521.8203         11.8714          1.9046
41        522.5925          7.8390          1.2614
42        524.6085         11.0817          1.7969
43        525.6563         10.7593          1.7516
44        531.3351          4.6880          0.7798
45        532.7051         11.3801          1.9027
46        538.5524          9.8700          1.6866
47        550.6200         11.5652          2.0659
48        551.2379         11.6806          2.0912
49        555.1267         11.7561          2.1345
50        556.7051          9.6990          1.7710
51        558.3294         11.4340          2.1000
52        560.2658          8.8954          1.6451
53        566.3794          8.5720          1.6201
54        567.2588         11.7803          2.2334
55        575.9818         11.0695          2.1637
56        579.2157          9.3718          1.8525
57        580.2978         11.2346          2.2290
58        589.9042          9.5406          1.9561
59        607.7100         10.7464          2.3383
60        626.3189          7.1288          1.6476
61        654.9872          9.0811          2.2954
62        673.7891         10.3729          2.7746
63        677.8864          9.1017          2.4643
64        681.7659         11.3247          3.1013
65        682.9001         11.9308          3.2782
66        701.4476          9.2390          2.6783
67        705.5154         10.8749          3.1892
68        709.7799         10.6779          3.1694
69        714.6864         11.9195          3.5871
70        718.8446         11.7354          3.5729
71        725.4445          9.3028          2.8845
72        727.0508         11.1549          3.4741
73        729.0662         10.2097          3.1974
74        729.3557         11.9024          3.7305
75        731.2073         11.8839          3.7436
76        735.7495          9.0357          2.8818
77        737.9248         11.6182          3.7275
78        737.9570         11.8694          3.8084
79        739.8598         11.0086          3.5504
80        745.1256         11.3639          3.7174
81        751.0414          5.3370          1.7737
82        757.3529          7.5699          2.5582
83        758.1560         11.5771          3.9207
84        762.3609         11.2774          3.8617
85        763.1708         10.1472          3.4821
86        765.5476         11.7508          4.0575
87        765.9868         11.8280          4.0889
88        767.8302         11.8096          4.1022
89        767.8477         11.7186          4.0708
90        770.8078         11.2747          3.9468
91        771.9187         11.3158          3.9726
92        774.6186         11.8247          4.1804
93        776.0949          9.6962          3.4410
94        776.8506         11.7776          4.1878
95        778.8161         11.6666          4.1693
96        781.2747          9.4467          3.3973
97        783.1223         11.7537          4.2470
98        792.9279         10.8686          4.0262
99        798.2876          7.7414          2.9066
100        812.5623          8.8437          3.4403
101        819.6877         11.3355          4.4873
102        822.6934         11.9896          4.7811
103        832.9518         10.6585          4.3570
104        838.5948         10.1178          4.1922
105        845.1852         10.3048          4.3370
106        918.2945          3.1647          1.5723
107        918.6178          4.0745          2.0258
108        936.9483          2.4397          1.2619
109        943.9663          7.4416          3.9069
110        970.5300          9.6952          5.3805
111        976.9751          9.6601          5.4325
112        980.6583          9.8851          5.6010
113        986.0867          2.5070          1.4362
114        986.8331          7.7024          4.4194
115        991.2315          3.3224          1.9233
116        994.2770          5.1904          3.0232
117       1013.6641          1.6631          1.0068
118       1035.7605          2.6453          1.6721
119       1047.3061          2.5108          1.6226
120       1048.6028          2.5334          1.6412
121       1049.4949          3.9122          2.5388
122       1081.2115          4.4402          3.0583
123       1089.1347          3.0670          2.1436
124       1097.9959          3.5722          2.5374
125       1113.0673          7.4115          5.4100
126       1120.2331          9.3583          6.9193
127       1128.1770         10.4442          7.8321
128       1132.2263         11.6955          8.8335
129       1132.8830         11.8684          8.9746
130       1133.6880         11.9889          9.0786
131       1150.0200          5.2209          4.0682
132       1161.1984          5.9327          4.7132
133       1176.6471          8.1263          6.6288
134       1183.5485          6.8282          5.6354
135       1199.5187          4.0489          3.4324
136       1210.9779         11.7371         10.1410
137       1217.4427          5.0111          4.3760
138       1220.2953          7.2719          6.3801
139       1223.0625          8.8463          7.7967
140       1225.2260          9.8468          8.7092
141       1232.9949          2.2644          2.0283
142       1244.9542         10.8193          9.8800
143       1245.8420         10.3831          9.4952
144       1251.1958         11.9690         11.0397
145       1257.9030          9.4715          8.8301
146       1258.7061          7.6043          7.0984
147       1261.0902          5.6544          5.2982
148       1265.6028          8.1937          7.7326
149       1275.0955         11.1099         10.6426
150       1277.1919          2.2120          2.1260
151       1281.9710          2.5425          2.4619
152       1298.6677          7.6535          7.6051
153       1299.2752         11.4937         11.4318
154       1303.2327          8.9987          9.0048
155       1311.7216          7.2403          7.3399
156       1318.4911         11.9768         12.2672
157       1320.0617         11.8899         12.2073
158       1322.8740         11.7846         12.1507
159       1325.6705         10.5928         10.9681
160       1329.4659         10.8077         11.2548
161       1339.3093         10.1737         10.7520
162       1340.6447         11.5120         12.1907
163       1353.6431          8.4939          9.1700
164       1358.9967          1.6763          1.8241
165       1362.8246          9.9078         10.8419
166       1367.1134         10.7039         11.7870
167       1368.8328         10.8754         12.0060
168       1371.7441         11.0423         12.2421
169       1373.0289         11.8921         13.2090
170       1378.6221         11.9566         13.3890
171       1380.7329          9.3435         10.4950
172       1382.6374          2.1300          2.3990
173       1390.8929         10.6202         12.1051
174       1398.5829          1.2423          1.4317
175       1419.0743          1.2016          1.4256
176       1449.2805         11.8310         14.6412
177       1449.3605         11.9313         14.7669
178       1452.3915         11.9860         14.8967
179       1454.2187         11.9646         14.9076
180       1454.6676         11.9762         14.9313
181       1462.8871         11.8667         14.9625
182       1464.7982          1.0659          1.3475
183       1465.1913         11.9115         15.0663
184       1472.1019         11.7903         15.0539
185       1474.7324         11.6072         14.8731
186       1480.3418         11.7029         15.1101
187       1484.0875          7.7191         10.0170
188       1485.7064         11.4669         14.9129
189       1487.8425          1.1089          1.4463
190       1496.1097          1.0499          1.3846
191       1498.3492          1.0618          1.4045
192       1539.3415         10.9991         15.3560
193       1546.6701          1.1177          1.5753
194       1551.0748          8.9180         12.6411
195       1555.8003         11.9191         16.9981
196       1557.4590         11.8984         17.0049
197       1567.2828          1.8020          2.6079
198       1568.9514          2.2541          3.2692
199       1583.1524         11.9762         17.6853
200       1585.8727         11.7321         17.3845
201       1587.0928         11.9946         17.8008
202       1587.1966         11.7933         17.5044
203       1589.5532         11.9183         17.7425
204       1590.9215         11.9630         17.8397
205       1591.4213         11.9084         17.7694
206       1592.7746         11.7333         17.5380
207       1601.5331         11.8055         17.8405
208       1605.6226         11.8687         18.0276
209       1618.1297         11.8004         18.2043
210       1633.2931         11.8690         18.6549
211       1767.9091          7.6547         14.0961
212       2979.1433          1.0712          5.6015
213       2982.9870          1.0697          5.6080
214       3039.8811          1.0375          5.6489
215       3050.9983          1.0408          5.7081
216       3061.3417          1.0887          6.0114
217       3077.1494          1.0887          6.0737
218       3127.5440          1.0977          6.3264
219       3142.3442          1.0912          6.3481
220       3182.1182          1.0970          6.5447
221       3191.6595          1.1007          6.6061
